Using pre-set license
Built from '2021.1/staging' branch; Version is '2021.1.3f1 (4bef613afd59) revision 4976481'; Using compiler version '192528614'; Build Type 'Release'
OS: 'Windows 10 Home; OS build 19042.928; Version 2009; 64bit' Language: 'es' Physical Memory: 16177 MB
BatchMode: 1, IsHumanControllingUs: 0, StartBugReporterOnCrash: 0, Is64bit: 1, IsPro: 0

 COMMAND LINE ARGUMENTS:
D:\Programas\Unity\2021.1.3f1\Editor\Unity.exe
-adb2
-batchMode
-noUpm
-name
AssetImportWorker0
-projectPath
D:/Documentos/Creative Tech/Project-IV/ProjectIV/Annarr jörd
-logFile
Logs/AssetImportWorker0.log
-srvPort
57223
Successfully changed project path to: D:/Documentos/Creative Tech/Project-IV/ProjectIV/Annarr jörd
D:/Documentos/Creative Tech/Project-IV/ProjectIV/Annarr jörd
Using Asset Import Pipeline V2.
Refreshing native plugins compatible for Editor in 49.17 ms, found 0 plugins.
Preloading 0 native plugins for Editor in 0.00 ms.
Initialize engine version: 2021.1.3f1 (4bef613afd59)
[Subsystems] Discovering subsystems at path D:/Programas/Unity/2021.1.3f1/Editor/Data/Resources/UnitySubsystems
[Subsystems] Discovering subsystems at path D:/Documentos/Creative Tech/Project-IV/ProjectIV/Annarr jörd/Assets
GfxDevice: creating device client; threaded=0; jobified=0
Direct3D:
    Version:  Direct3D 11.0 [level 11.1]
    Renderer: NVIDIA GeForce GTX 1060 with Max-Q Design (ID=0x1c20)
    Vendor:   NVIDIA
    VRAM:     6052 MB
    Driver:   27.21.14.5771
Initialize mono
Mono path[0] = 'D:/Programas/Unity/2021.1.3f1/Editor/Data/Managed'
Mono path[1] = 'D:/Programas/Unity/2021.1.3f1/Editor/Data/MonoBleedingEdge/lib/mono/unityjit'
Mono config path = 'D:/Programas/Unity/2021.1.3f1/Editor/Data/MonoBleedingEdge/etc'
Using monoOptions --debugger-agent=transport=dt_socket,embedding=1,server=y,suspend=n,address=127.0.0.1:56972
Begin MonoManager ReloadAssembly
Registering precompiled unity dll's ...
Register platform support module: D:/Programas/Unity/2021.1.3f1/Editor/Data/PlaybackEngines/WindowsStandaloneSupport/UnityEditor.WindowsStandalone.Extensions.dll
Registered in 0.001666 seconds.
Native extension for WindowsStandalone target not found
Refreshing native plugins compatible for Editor in 49.80 ms, found 0 plugins.
Preloading 0 native plugins for Editor in 0.00 ms.
Mono: successfully reloaded assembly
- Completed reload, in  3.284 seconds
Platform modules already initialized, skipping
Registering precompiled user dll's ...
Registered in 0.001250 seconds.
Begin MonoManager ReloadAssembly
Native extension for WindowsStandalone target not found
Refreshing native plugins compatible for Editor in 0.44 ms, found 0 plugins.
Preloading 0 native plugins for Editor in 0.00 ms.
Mono: successfully reloaded assembly
- Completed reload, in  1.724 seconds
Platform modules already initialized, skipping
========================================================================
Worker process is ready to serve import requests
Launched and connected shader compiler UnityShaderCompiler.exe after 0.10 seconds
Refreshing native plugins compatible for Editor in 0.64 ms, found 0 plugins.
Preloading 0 native plugins for Editor in 0.00 ms.
Unloading 1129 Unused Serialized files (Serialized files now loaded: 0)
System memory in use before: 73.1 MB.
System memory in use after: 73.1 MB.

Unloading 10 unused Assets to reduce memory usage. Loaded Objects now: 1616.
Total: 4.098300 ms (FindLiveObjects: 0.273500 ms CreateObjectMapping: 0.070300 ms MarkObjects: 3.555200 ms  DeleteObjects: 0.197500 ms)

========================================================================
Received Import Request.
  path: Assets/Imported Assets/FantasyEnvironments/Environments/Terrain.asset
  artifactKey: Guid(8ee04e1f17f7f5549acabd4c8d8a68c4) Importer(815301076,1909f56bfc062723c751e8b465ee728b)
Start importing Assets/Imported Assets/FantasyEnvironments/Environments/Terrain.asset using Guid(8ee04e1f17f7f5549acabd4c8d8a68c4) Importer(815301076,1909f56bfc062723c751e8b465ee728b)  -> (artifact id: 'b8ae91bddf57d148d0e7589b4f232f60') in 0.567053 seconds 
========================================================================
Received Import Request.
  Time since last request: 86.205407 seconds.
  path: Assets/Imported Assets/ColorSkies/Skies
  artifactKey: Guid(b6cd835985ecf3448a9711bc603dbe6e) Importer(815301076,1909f56bfc062723c751e8b465ee728b)
Start importing Assets/Imported Assets/ColorSkies/Skies using Guid(b6cd835985ecf3448a9711bc603dbe6e) Importer(815301076,1909f56bfc062723c751e8b465ee728b)  -> (artifact id: 'f902298a23707186f43706201755300e') in 0.029684 seconds 
========================================================================
Received Import Request.
  Time since last request: 0.070534 seconds.
  path: Assets/Imported Assets/ColorSkies/Skies/Sky_1.mat
  artifactKey: Guid(3bbeb79adedffcb4a94850fbf4b6cce0) Importer(815301076,1909f56bfc062723c751e8b465ee728b)
Start importing Assets/Imported Assets/ColorSkies/Skies/Sky_1.mat using Guid(3bbeb79adedffcb4a94850fbf4b6cce0) Importer(815301076,1909f56bfc062723c751e8b465ee728b)  -> (artifact id: 'e3e6ed0df56fcb8e24ed72801db2339c') in 0.998928 seconds 
========================================================================
Received Import Request.
  Time since last request: 0.000641 seconds.
  path: Assets/Imported Assets/ColorSkies/Skies/Sky_3.mat
  artifactKey: Guid(a93d27d74f0fb574f9bbb6a2dbc86e97) Importer(815301076,1909f56bfc062723c751e8b465ee728b)
Start importing Assets/Imported Assets/ColorSkies/Skies/Sky_3.mat using Guid(a93d27d74f0fb574f9bbb6a2dbc86e97) Importer(815301076,1909f56bfc062723c751e8b465ee728b)  -> (artifact id: '9bfe558438987e3bd164d9a408a7ead0') in 0.686213 seconds 
========================================================================
Received Import Request.
  Time since last request: 0.000421 seconds.
  path: Assets/Imported Assets/ColorSkies/Skies/Sky_4.mat
  artifactKey: Guid(21ae2c17e7f4a4447aea76bbeded97b8) Importer(815301076,1909f56bfc062723c751e8b465ee728b)
Start importing Assets/Imported Assets/ColorSkies/Skies/Sky_4.mat using Guid(21ae2c17e7f4a4447aea76bbeded97b8) Importer(815301076,1909f56bfc062723c751e8b465ee728b)  -> (artifact id: '420a7c7b3463c19e847bdcded628749e') in 0.808725 seconds 
========================================================================
Received Import Request.
  Time since last request: 0.000410 seconds.
  path: Assets/Imported Assets/ColorSkies/Textures/Skybox_2/Up_Tex.png
  artifactKey: Guid(ce2c5305fe145864f9a6d953f6d091e7) Importer(815301076,1909f56bfc062723c751e8b465ee728b)
Start importing Assets/Imported Assets/ColorSkies/Textures/Skybox_2/Up_Tex.png using Guid(ce2c5305fe145864f9a6d953f6d091e7) Importer(815301076,1909f56bfc062723c751e8b465ee728b)  -> (artifact id: '252f89d241b31781bb2ac5e35344bcf0') in 0.196563 seconds 
========================================================================
Received Import Request.
  Time since last request: 0.000540 seconds.
  path: Assets/Imported Assets/ColorSkies/Skies/Sky_8.mat
  artifactKey: Guid(4323fde32dbcebf4195ad58c05f28e84) Importer(815301076,1909f56bfc062723c751e8b465ee728b)
Start importing Assets/Imported Assets/ColorSkies/Skies/Sky_8.mat using Guid(4323fde32dbcebf4195ad58c05f28e84) Importer(815301076,1909f56bfc062723c751e8b465ee728b)  -> (artifact id: '23074e9be7016cdb52d659e76689ff7b') in 0.556331 seconds 
========================================================================
Received Import Request.
  Time since last request: 0.000581 seconds.
  path: Assets/Imported Assets/ColorSkies/Skies/Sky_7.mat
  artifactKey: Guid(1d3f5254e25764546b2211aa1dd32efe) Importer(815301076,1909f56bfc062723c751e8b465ee728b)
Start importing Assets/Imported Assets/ColorSkies/Skies/Sky_7.mat using Guid(1d3f5254e25764546b2211aa1dd32efe) Importer(815301076,1909f56bfc062723c751e8b465ee728b)  -> (artifact id: '0fdd6c11909268113e8624bb500470bb') in 0.535759 seconds 
========================================================================
Received Import Request.
  Time since last request: 0.001092 seconds.
  path: Assets/Imported Assets/ColorSkies/Skies/Sky_6.mat
  artifactKey: Guid(59998d46d34ccf340be71d5a79eec445) Importer(815301076,1909f56bfc062723c751e8b465ee728b)
Start importing Assets/Imported Assets/ColorSkies/Skies/Sky_6.mat using Guid(59998d46d34ccf340be71d5a79eec445) Importer(815301076,1909f56bfc062723c751e8b465ee728b)  -> (artifact id: '9817dbf2a75cb019cbd838e31b87216d') in 0.546767 seconds 
========================================================================
Received Import Request.
  Time since last request: 0.000692 seconds.
  path: Assets/Imported Assets/ColorSkies/Skies/Sky_2.mat
  artifactKey: Guid(3a8c5fa081c5a974b9fffa93e4230ece) Importer(815301076,1909f56bfc062723c751e8b465ee728b)
Start importing Assets/Imported Assets/ColorSkies/Skies/Sky_2.mat using Guid(3a8c5fa081c5a974b9fffa93e4230ece) Importer(815301076,1909f56bfc062723c751e8b465ee728b)  -> (artifact id: '8d18354313df0c9c08230de6f8d9efa7') in 0.039074 seconds 
========================================================================
Received Import Request.
  Time since last request: 0.000764 seconds.
  path: Assets/Imported Assets/ColorSkies/Skies/Sky_5.mat
  artifactKey: Guid(d9a12ffaaa5dd67418211def4dfaee9a) Importer(815301076,1909f56bfc062723c751e8b465ee728b)
Start importing Assets/Imported Assets/ColorSkies/Skies/Sky_5.mat using Guid(d9a12ffaaa5dd67418211def4dfaee9a) Importer(815301076,1909f56bfc062723c751e8b465ee728b)  -> (artifact id: 'ad1ffbe42c1a875e2613eceb92a5c9e5') in 0.574264 seconds 
========================================================================
Received Import Request.
  Time since last request: 73.921209 seconds.
  path: Assets/Imported Assets/ColorSkies/Skies/sky.mat
  artifactKey: Guid(f5fc1f05044f07f40bd0d80f5adbc268) Importer(815301076,1909f56bfc062723c751e8b465ee728b)
Start importing Assets/Imported Assets/ColorSkies/Skies/sky.mat using Guid(f5fc1f05044f07f40bd0d80f5adbc268) Importer(815301076,1909f56bfc062723c751e8b465ee728b)  -> (artifact id: '76c063690f7e223f1825570378300a07') in 0.022669 seconds 
========================================================================
Received Import Request.
  Time since last request: 62.774547 seconds.
  path: Assets/Imported Assets/ColorSkies/Textures/Skybox_4/Up_Tex.png
  artifactKey: Guid(a8416f33edf509944a163c8fe94d24fa) Importer(815301076,1909f56bfc062723c751e8b465ee728b)
Start importing Assets/Imported Assets/ColorSkies/Textures/Skybox_4/Up_Tex.png using Guid(a8416f33edf509944a163c8fe94d24fa) Importer(815301076,1909f56bfc062723c751e8b465ee728b)  -> (artifact id: 'b419daf14f0037510508e3928676c3fa') in 0.128588 seconds 
========================================================================
Received Import Request.
  Time since last request: 635.107546 seconds.
  path: Assets/Models/Materials
  artifactKey: Guid(23db9e2208cfe1540850257deac73b13) Importer(815301076,1909f56bfc062723c751e8b465ee728b)
Start importing Assets/Models/Materials using Guid(23db9e2208cfe1540850257deac73b13) Importer(815301076,1909f56bfc062723c751e8b465ee728b)  -> (artifact id: '141593ecb180298ccc83d1c46498b135') in 0.007543 seconds 
========================================================================
Received Import Request.
  Time since last request: 1.728975 seconds.
  path: Assets/Models/Materials/Texture_Horse.mat
  artifactKey: Guid(3a6323c661d157746859be22fe7ae048) Importer(815301076,1909f56bfc062723c751e8b465ee728b)
Start importing Assets/Models/Materials/Texture_Horse.mat using Guid(3a6323c661d157746859be22fe7ae048) Importer(815301076,1909f56bfc062723c751e8b465ee728b)  -> (artifact id: 'b07ad163d1861b6e5d82d22a1e6c3128') in 0.058626 seconds 
========================================================================
Received Import Request.
  Time since last request: 2.485466 seconds.
  path: Assets/Models/Animals
  artifactKey: Guid(54469361577fa044da34625ec1f0bfbd) Importer(815301076,1909f56bfc062723c751e8b465ee728b)
Start importing Assets/Models/Animals using Guid(54469361577fa044da34625ec1f0bfbd) Importer(815301076,1909f56bfc062723c751e8b465ee728b)  -> (artifact id: '7d1ffc54a78422f7744b1c658bde9001') in 0.114740 seconds 
========================================================================
Received Import Request.
  Time since last request: 4.766765 seconds.
  path: Assets/Models/Hores.controller
  artifactKey: Guid(f43e9565edc69e6438374f3332f2c3e2) Importer(815301076,1909f56bfc062723c751e8b465ee728b)
Start importing Assets/Models/Hores.controller using Guid(f43e9565edc69e6438374f3332f2c3e2) Importer(815301076,1909f56bfc062723c751e8b465ee728b)  -> (artifact id: 'f76539974c8e17732dc1e30a166570ca') in 0.010095 seconds 
========================================================================
Received Import Request.
  Time since last request: 2.182355 seconds.
  path: Assets/Models/wolf.controller
  artifactKey: Guid(1c8b43cfdd0c2c0499533f2bdcffa0fc) Importer(815301076,1909f56bfc062723c751e8b465ee728b)
Start importing Assets/Models/wolf.controller using Guid(1c8b43cfdd0c2c0499533f2bdcffa0fc) Importer(815301076,1909f56bfc062723c751e8b465ee728b)  -> (artifact id: '33505cd1a85d5ea0f419f372ee8c92a0') in 0.008354 seconds 
========================================================================
Received Import Request.
  Time since last request: 199.407433 seconds.
  path: Assets/Scenes/environment test.unity
  artifactKey: Guid(9ba62a28e5bb6fa4dacee2cb11c936e1) Importer(815301076,1909f56bfc062723c751e8b465ee728b)
Start importing Assets/Scenes/environment test.unity using Guid(9ba62a28e5bb6fa4dacee2cb11c936e1) Importer(815301076,1909f56bfc062723c751e8b465ee728b)  -> (artifact id: '307a2aea9207d14d1331f2252387c155') in 0.007313 seconds 
========================================================================
Received Import Request.
  Time since last request: 941.808160 seconds.
  path: Assets/Models/New Terrain.asset
  artifactKey: Guid(e903bd8453434ac4881bee2ac05a28f0) Importer(815301076,1909f56bfc062723c751e8b465ee728b)
Start importing Assets/Models/New Terrain.asset using Guid(e903bd8453434ac4881bee2ac05a28f0) Importer(815301076,1909f56bfc062723c751e8b465ee728b)  -> (artifact id: 'beec0a22b9fd5735aff809d60e5debaa') in 0.113779 seconds 
========================================================================
Received Prepare
Registering precompiled user dll's ...
Registered in 0.002056 seconds.
Begin MonoManager ReloadAssembly
Native extension for WindowsStandalone target not found
Refreshing native plugins compatible for Editor in 0.43 ms, found 0 plugins.
Preloading 0 native plugins for Editor in 0.00 ms.
Mono: successfully reloaded assembly
- Completed reload, in  2.416 seconds
Platform modules already initialized, skipping
Refreshing native plugins compatible for Editor in 0.65 ms, found 0 plugins.
Preloading 0 native plugins for Editor in 0.00 ms.
Unloading 1128 Unused Serialized files (Serialized files now loaded: 0)
System memory in use before: 87.0 MB.
System memory in use after: 87.0 MB.

Unloading 5 unused Assets to reduce memory usage. Loaded Objects now: 1721.
Total: 4.917900 ms (FindLiveObjects: 0.483200 ms CreateObjectMapping: 0.139600 ms MarkObjects: 4.094500 ms  DeleteObjects: 0.197200 ms)

========================================================================
Received Prepare
Registering precompiled user dll's ...
Registered in 0.001868 seconds.
Begin MonoManager ReloadAssembly
Native extension for WindowsStandalone target not found
Refreshing native plugins compatible for Editor in 0.80 ms, found 0 plugins.
Preloading 0 native plugins for Editor in 0.00 ms.
Mono: successfully reloaded assembly
- Completed reload, in  2.041 seconds
Platform modules already initialized, skipping
Refreshing native plugins compatible for Editor in 0.38 ms, found 0 plugins.
Preloading 0 native plugins for Editor in 0.00 ms.
Unloading 1124 Unused Serialized files (Serialized files now loaded: 0)
System memory in use before: 86.9 MB.
System memory in use after: 86.9 MB.

Unloading 5 unused Assets to reduce memory usage. Loaded Objects now: 1724.
Total: 5.386800 ms (FindLiveObjects: 0.384000 ms CreateObjectMapping: 0.222200 ms MarkObjects: 4.493700 ms  DeleteObjects: 0.284400 ms)

========================================================================
Received Prepare
Registering precompiled user dll's ...
Registered in 0.001639 seconds.
Begin MonoManager ReloadAssembly
Native extension for WindowsStandalone target not found
Refreshing native plugins compatible for Editor in 0.57 ms, found 0 plugins.
Preloading 0 native plugins for Editor in 0.00 ms.
Mono: successfully reloaded assembly
- Completed reload, in  1.707 seconds
Platform modules already initialized, skipping
Refreshing native plugins compatible for Editor in 0.38 ms, found 0 plugins.
Preloading 0 native plugins for Editor in 0.00 ms.
Unloading 1124 Unused Serialized files (Serialized files now loaded: 0)
System memory in use before: 86.9 MB.
System memory in use after: 87.0 MB.

Unloading 5 unused Assets to reduce memory usage. Loaded Objects now: 1727.
Total: 3.636600 ms (FindLiveObjects: 0.195900 ms CreateObjectMapping: 0.066400 ms MarkObjects: 3.219300 ms  DeleteObjects: 0.153200 ms)

========================================================================
Received Import Request.
  Time since last request: 3331.487970 seconds.
  path: Assets/Scenes/Environment.unity
  artifactKey: Guid(9fc0d4010bbf28b4594072e72b8655ab) Importer(815301076,1909f56bfc062723c751e8b465ee728b)
Start importing Assets/Scenes/Environment.unity using Guid(9fc0d4010bbf28b4594072e72b8655ab) Importer(815301076,1909f56bfc062723c751e8b465ee728b)  -> (artifact id: '7dbfbc29f87b407b7b04e71ea0bb8e36') in 0.140001 seconds 
========================================================================
Received Prepare
Registering precompiled user dll's ...
Registered in 0.001179 seconds.
Begin MonoManager ReloadAssembly
Native extension for WindowsStandalone target not found
Refreshing native plugins compatible for Editor in 0.61 ms, found 0 plugins.
Preloading 0 native plugins for Editor in 0.00 ms.
Mono: successfully reloaded assembly
- Completed reload, in  2.017 seconds
Platform modules already initialized, skipping
Refreshing native plugins compatible for Editor in 0.42 ms, found 0 plugins.
Preloading 0 native plugins for Editor in 0.00 ms.
Unloading 1124 Unused Serialized files (Serialized files now loaded: 0)
System memory in use before: 86.9 MB.
System memory in use after: 87.0 MB.

Unloading 5 unused Assets to reduce memory usage. Loaded Objects now: 1730.
Total: 4.442200 ms (FindLiveObjects: 0.348400 ms CreateObjectMapping: 0.124700 ms MarkObjects: 3.811700 ms  DeleteObjects: 0.155100 ms)

========================================================================
Received Import Request.
  Time since last request: 474.511021 seconds.
  path: Assets/Models/Animals/Models
  artifactKey: Guid(6357b41f4f439e34a8412dbaf71f990d) Importer(815301076,1909f56bfc062723c751e8b465ee728b)
Start importing Assets/Models/Animals/Models using Guid(6357b41f4f439e34a8412dbaf71f990d) Importer(815301076,1909f56bfc062723c751e8b465ee728b)  -> (artifact id: '7bcccc47eee52cb39194a297db7a5b82') in 0.033394 seconds 
========================================================================
Received Import Request.
  Time since last request: 8.326205 seconds.
  path: Assets/Models/Animals/Animations
  artifactKey: Guid(361249e1692729c4fa7e398f71a8d464) Importer(815301076,1909f56bfc062723c751e8b465ee728b)
Start importing Assets/Models/Animals/Animations using Guid(361249e1692729c4fa7e398f71a8d464) Importer(815301076,1909f56bfc062723c751e8b465ee728b)  -> (artifact id: 'f467ba9b03129e09b10ab41c5e8b9459') in 0.004887 seconds 
========================================================================
Received Import Request.
  Time since last request: 13.433040 seconds.
  path: Assets/Models/Animals/Low Poly Animals/Simple Wolf
  artifactKey: Guid(a0225b0bc232c944aba2727c25156537) Importer(815301076,1909f56bfc062723c751e8b465ee728b)
Start importing Assets/Models/Animals/Low Poly Animals/Simple Wolf using Guid(a0225b0bc232c944aba2727c25156537) Importer(815301076,1909f56bfc062723c751e8b465ee728b)  -> (artifact id: 'd92f705899181e04f8a18d314d8bbb13') in 0.010658 seconds 
========================================================================
Received Import Request.
  Time since last request: 0.072265 seconds.
  path: Assets/Models/Animals/Low Poly Animals/Simple Wolf/wolf.fbx
  artifactKey: Guid(77cbf65c57473a74c8131c7351daa8af) Importer(815301076,1909f56bfc062723c751e8b465ee728b)
Start importing Assets/Models/Animals/Low Poly Animals/Simple Wolf/wolf.fbx using Guid(77cbf65c57473a74c8131c7351daa8af) Importer(815301076,1909f56bfc062723c751e8b465ee728b)  -> (artifact id: '6faf5ebc5402308a7f967aecb3fd0657') in 0.250839 seconds 
========================================================================
Received Import Request.
  Time since last request: 15.092970 seconds.
  path: Assets/Models/Animals/wolf
  artifactKey: Guid(34196dcab48d0994c9860494d82fab44) Importer(815301076,1909f56bfc062723c751e8b465ee728b)
Start importing Assets/Models/Animals/wolf using Guid(34196dcab48d0994c9860494d82fab44) Importer(815301076,1909f56bfc062723c751e8b465ee728b)  -> (artifact id: 'de4d2735d494ef828227111fcadc5f5a') in 0.003578 seconds 
========================================================================
Received Prepare
Registering precompiled user dll's ...
Registered in 0.002179 seconds.
Begin MonoManager ReloadAssembly
Native extension for WindowsStandalone target not found
Refreshing native plugins compatible for Editor in 0.47 ms, found 0 plugins.
Preloading 0 native plugins for Editor in 0.00 ms.
Mono: successfully reloaded assembly
- Completed reload, in  2.170 seconds
Platform modules already initialized, skipping
Refreshing native plugins compatible for Editor in 0.46 ms, found 0 plugins.
Preloading 0 native plugins for Editor in 0.00 ms.
Unloading 1124 Unused Serialized files (Serialized files now loaded: 0)
System memory in use before: 100.8 MB.
System memory in use after: 100.9 MB.

Unloading 5 unused Assets to reduce memory usage. Loaded Objects now: 1738.
Total: 3.583500 ms (FindLiveObjects: 0.353900 ms CreateObjectMapping: 0.131200 ms MarkObjects: 2.945600 ms  DeleteObjects: 0.151300 ms)

========================================================================
Received Import Request.
  Time since last request: 1847.305227 seconds.
  path: Assets/Imported Assets/FantasyEnvironments/Environments/Terrain.asset
  artifactKey: Guid(8ee04e1f17f7f5549acabd4c8d8a68c4) Importer(815301076,1909f56bfc062723c751e8b465ee728b)
Start importing Assets/Imported Assets/FantasyEnvironments/Environments/Terrain.asset using Guid(8ee04e1f17f7f5549acabd4c8d8a68c4) Importer(815301076,1909f56bfc062723c751e8b465ee728b)  -> (artifact id: '15cae98891bd8c6e6c267e034123bda7') in 0.079375 seconds 
========================================================================
Received Prepare
Registering precompiled user dll's ...
Registered in 0.000993 seconds.
Begin MonoManager ReloadAssembly
Native extension for WindowsStandalone target not found
Refreshing native plugins compatible for Editor in 0.22 ms, found 0 plugins.
Preloading 0 native plugins for Editor in 0.00 ms.
Mono: successfully reloaded assembly
- Completed reload, in  0.728 seconds
Platform modules already initialized, skipping
Refreshing native plugins compatible for Editor in 0.21 ms, found 0 plugins.
Preloading 0 native plugins for Editor in 0.00 ms.
Unloading 1125 Unused Serialized files (Serialized files now loaded: 0)
System memory in use before: 102.6 MB.
System memory in use after: 102.7 MB.

Unloading 5 unused Assets to reduce memory usage. Loaded Objects now: 1756.
Total: 2.197800 ms (FindLiveObjects: 0.144700 ms CreateObjectMapping: 0.067100 ms MarkObjects: 1.906600 ms  DeleteObjects: 0.078500 ms)

========================================================================
Received Prepare
Registering precompiled user dll's ...
Registered in 0.001018 seconds.
Begin MonoManager ReloadAssembly
Native extension for WindowsStandalone target not found
Refreshing native plugins compatible for Editor in 0.47 ms, found 0 plugins.
Preloading 0 native plugins for Editor in 0.00 ms.
Mono: successfully reloaded assembly
- Completed reload, in  1.172 seconds
Platform modules already initialized, skipping
Refreshing native plugins compatible for Editor in 0.35 ms, found 0 plugins.
Preloading 0 native plugins for Editor in 0.00 ms.
Unloading 1125 Unused Serialized files (Serialized files now loaded: 0)
System memory in use before: 102.6 MB.
System memory in use after: 102.7 MB.

Unloading 5 unused Assets to reduce memory usage. Loaded Objects now: 1760.
Total: 2.592500 ms (FindLiveObjects: 0.233300 ms CreateObjectMapping: 0.087000 ms MarkObjects: 2.180800 ms  DeleteObjects: 0.088700 ms)

========================================================================
Received Prepare
Registering precompiled user dll's ...
Registered in 0.000580 seconds.
Begin MonoManager ReloadAssembly
Native extension for WindowsStandalone target not found
Refreshing native plugins compatible for Editor in 0.21 ms, found 0 plugins.
Preloading 0 native plugins for Editor in 0.00 ms.
Mono: successfully reloaded assembly
- Completed reload, in  0.759 seconds
Platform modules already initialized, skipping
Refreshing native plugins compatible for Editor in 0.21 ms, found 0 plugins.
Preloading 0 native plugins for Editor in 0.00 ms.
Unloading 1125 Unused Serialized files (Serialized files now loaded: 0)
System memory in use before: 102.6 MB.
System memory in use after: 102.7 MB.

Unloading 5 unused Assets to reduce memory usage. Loaded Objects now: 1763.
Total: 1.960200 ms (FindLiveObjects: 0.123800 ms CreateObjectMapping: 0.033800 ms MarkObjects: 1.737200 ms  DeleteObjects: 0.064500 ms)

========================================================================
Received Prepare
Registering precompiled user dll's ...
Registered in 0.000590 seconds.
Begin MonoManager ReloadAssembly
Native extension for WindowsStandalone target not found
Refreshing native plugins compatible for Editor in 0.21 ms, found 0 plugins.
Preloading 0 native plugins for Editor in 0.00 ms.
Mono: successfully reloaded assembly
- Completed reload, in  0.773 seconds
Platform modules already initialized, skipping
Refreshing native plugins compatible for Editor in 0.34 ms, found 0 plugins.
Preloading 0 native plugins for Editor in 0.00 ms.
Unloading 1125 Unused Serialized files (Serialized files now loaded: 0)
System memory in use before: 102.6 MB.
System memory in use after: 102.7 MB.

Unloading 5 unused Assets to reduce memory usage. Loaded Objects now: 1766.
Total: 1.896600 ms (FindLiveObjects: 0.147400 ms CreateObjectMapping: 0.042100 ms MarkObjects: 1.636900 ms  DeleteObjects: 0.069300 ms)

========================================================================
Received Prepare
Registering precompiled user dll's ...
Registered in 0.000560 seconds.
Begin MonoManager ReloadAssembly
Native extension for WindowsStandalone target not found
Refreshing native plugins compatible for Editor in 0.21 ms, found 0 plugins.
Preloading 0 native plugins for Editor in 0.00 ms.
Mono: successfully reloaded assembly
- Completed reload, in  0.775 seconds
Platform modules already initialized, skipping
Refreshing native plugins compatible for Editor in 0.21 ms, found 0 plugins.
Preloading 0 native plugins for Editor in 0.00 ms.
Unloading 1125 Unused Serialized files (Serialized files now loaded: 0)
System memory in use before: 102.7 MB.
System memory in use after: 102.7 MB.

Unloading 5 unused Assets to reduce memory usage. Loaded Objects now: 1769.
Total: 2.151300 ms (FindLiveObjects: 0.196300 ms CreateObjectMapping: 0.035200 ms MarkObjects: 1.812800 ms  DeleteObjects: 0.106300 ms)

========================================================================
Received Prepare
Registering precompiled user dll's ...
Registered in 0.000536 seconds.
Begin MonoManager ReloadAssembly
Native extension for WindowsStandalone target not found
Refreshing native plugins compatible for Editor in 0.26 ms, found 0 plugins.
Preloading 0 native plugins for Editor in 0.00 ms.
Mono: successfully reloaded assembly
- Completed reload, in  0.766 seconds
Platform modules already initialized, skipping
Refreshing native plugins compatible for Editor in 0.22 ms, found 0 plugins.
Preloading 0 native plugins for Editor in 0.00 ms.
Unloading 1125 Unused Serialized files (Serialized files now loaded: 0)
System memory in use before: 102.7 MB.
System memory in use after: 102.7 MB.

Unloading 5 unused Assets to reduce memory usage. Loaded Objects now: 1772.
Total: 1.934600 ms (FindLiveObjects: 0.154600 ms CreateObjectMapping: 0.042900 ms MarkObjects: 1.666400 ms  DeleteObjects: 0.069200 ms)

========================================================================
Received Import Request.
  Time since last request: 4105.492805 seconds.
  path: Assets/Imported Assets/ColorSkies/Textures/Skybox_7/Up_Tex.png
  artifactKey: Guid(3ae5e39d7931ec74f8e9f1781aaf1e4e) Importer(815301076,1909f56bfc062723c751e8b465ee728b)
Start importing Assets/Imported Assets/ColorSkies/Textures/Skybox_7/Up_Tex.png using Guid(3ae5e39d7931ec74f8e9f1781aaf1e4e) Importer(815301076,1909f56bfc062723c751e8b465ee728b)  -> (artifact id: '5712a504ed6f80647cfbe57e6e8c2043') in 0.088330 seconds 
========================================================================
Received Prepare
Registering precompiled user dll's ...
Registered in 0.000634 seconds.
Begin MonoManager ReloadAssembly
Native extension for WindowsStandalone target not found
Refreshing native plugins compatible for Editor in 0.21 ms, found 0 plugins.
Preloading 0 native plugins for Editor in 0.00 ms.
Mono: successfully reloaded assembly
- Completed reload, in  0.734 seconds
Platform modules already initialized, skipping
Refreshing native plugins compatible for Editor in 0.22 ms, found 0 plugins.
Preloading 0 native plugins for Editor in 0.00 ms.
Unloading 1126 Unused Serialized files (Serialized files now loaded: 0)
System memory in use before: 105.9 MB.
System memory in use after: 106.0 MB.

Unloading 5 unused Assets to reduce memory usage. Loaded Objects now: 1790.
Total: 2.371300 ms (FindLiveObjects: 0.349900 ms CreateObjectMapping: 0.138300 ms MarkObjects: 1.811700 ms  DeleteObjects: 0.070000 ms)

========================================================================
Received Prepare
Registering precompiled user dll's ...
Registered in 0.000725 seconds.
Begin MonoManager ReloadAssembly
Native extension for WindowsStandalone target not found
Refreshing native plugins compatible for Editor in 0.21 ms, found 0 plugins.
Preloading 0 native plugins for Editor in 0.00 ms.
Mono: successfully reloaded assembly
- Completed reload, in  0.702 seconds
Platform modules already initialized, skipping
Refreshing native plugins compatible for Editor in 0.21 ms, found 0 plugins.
Preloading 0 native plugins for Editor in 0.00 ms.
Unloading 1125 Unused Serialized files (Serialized files now loaded: 0)
System memory in use before: 105.8 MB.
System memory in use after: 105.9 MB.

Unloading 5 unused Assets to reduce memory usage. Loaded Objects now: 1793.
Total: 2.195100 ms (FindLiveObjects: 0.198700 ms CreateObjectMapping: 0.074500 ms MarkObjects: 1.811900 ms  DeleteObjects: 0.109200 ms)

========================================================================
Received Import Request.
  Time since last request: 214.849583 seconds.
  path: Assets/ChangeSky.cs
  artifactKey: Guid(1091aeab019801340863ea1fb7ceb21e) Importer(815301076,1909f56bfc062723c751e8b465ee728b)
Start importing Assets/ChangeSky.cs using Guid(1091aeab019801340863ea1fb7ceb21e) Importer(815301076,1909f56bfc062723c751e8b465ee728b)  -> (artifact id: 'a0c72c4f67e3435237ff2064fcce10a5') in 0.007558 seconds 
========================================================================
Received Prepare
Registering precompiled user dll's ...
Registered in 0.000575 seconds.
Begin MonoManager ReloadAssembly
Native extension for WindowsStandalone target not found
Refreshing native plugins compatible for Editor in 0.21 ms, found 0 plugins.
Preloading 0 native plugins for Editor in 0.00 ms.
Mono: successfully reloaded assembly
- Completed reload, in  0.787 seconds
Platform modules already initialized, skipping
Refreshing native plugins compatible for Editor in 0.22 ms, found 0 plugins.
Preloading 0 native plugins for Editor in 0.00 ms.
Unloading 1124 Unused Serialized files (Serialized files now loaded: 0)
System memory in use before: 105.8 MB.
System memory in use after: 105.9 MB.

Unloading 6 unused Assets to reduce memory usage. Loaded Objects now: 1795.
Total: 2.144300 ms (FindLiveObjects: 0.171000 ms CreateObjectMapping: 0.042100 ms MarkObjects: 1.848500 ms  DeleteObjects: 0.081800 ms)

AssetImportWorkerClient::OnTransportError - code=2 error=End of file
