Using pre-set license
Built from '2020.2/staging' branch; Version is '2020.2.7f1 (c53830e277f1) revision 12924976'; Using compiler version '192528614'; Build Type 'Release'
OS: 'Windows 10 Home; OS build 19042.1052; Version 2009; 64bit' Language: 'es' Physical Memory: 16177 MB
BatchMode: 1, IsHumanControllingUs: 0, StartBugReporterOnCrash: 0, Is64bit: 1, IsPro: 0

 COMMAND LINE ARGUMENTS:
D:\Programas\Unity\2020.2.7f1\Editor\Unity.exe
-adb2
-batchMode
-noUpm
-name
AssetImportWorker1
-projectPath
D:/Documentos/Project IV/Annarr jörd
-logFile
Logs/AssetImportWorker1.log
-srvPort
50810
Successfully changed project path to: D:/Documentos/Project IV/Annarr jörd
D:/Documentos/Project IV/Annarr jörd
Using Asset Import Pipeline V2.
Refreshing native plugins compatible for Editor in 42.44 ms, found 0 plugins.
Preloading 0 native plugins for Editor in 0.00 ms.
Initialize engine version: 2020.2.7f1 (c53830e277f1)
[Subsystems] Discovering subsystems at path D:/Programas/Unity/2020.2.7f1/Editor/Data/Resources/UnitySubsystems
[Subsystems] Discovering subsystems at path D:/Documentos/Project IV/Annarr jörd/Assets
GfxDevice: creating device client; threaded=0
Direct3D:
    Version:  Direct3D 11.0 [level 11.1]
    Renderer: NVIDIA GeForce GTX 1060 with Max-Q Design (ID=0x1c20)
    Vendor:   
    VRAM:     6052 MB
    Driver:   27.21.14.5771
Initialize mono
Mono path[0] = 'D:/Programas/Unity/2020.2.7f1/Editor/Data/Managed'
Mono path[1] = 'D:/Programas/Unity/2020.2.7f1/Editor/Data/MonoBleedingEdge/lib/mono/unityjit'
Mono config path = 'D:/Programas/Unity/2020.2.7f1/Editor/Data/MonoBleedingEdge/etc'
Using monoOptions --debugger-agent=transport=dt_socket,embedding=1,server=y,suspend=n,address=127.0.0.1:56248
Begin MonoManager ReloadAssembly
Registering precompiled unity dll's ...
Register platform support module: D:/Programas/Unity/2020.2.7f1/Editor/Data/PlaybackEngines/WindowsStandaloneSupport/UnityEditor.WindowsStandalone.Extensions.dll
Registered in 0.001112 seconds.
Native extension for WindowsStandalone target not found
Refreshing native plugins compatible for Editor in 38.88 ms, found 0 plugins.
Preloading 0 native plugins for Editor in 0.00 ms.
Invoked RoslynAnalysisRunner static constructor.
RoslynAnalysisRunner will not be running.
RoslynAnalysisRunner has terminated.
Mono: successfully reloaded assembly
- Completed reload, in  1.787 seconds
Platform modules already initialized, skipping
Registering precompiled user dll's ...
Registered in 0.000749 seconds.
Begin MonoManager ReloadAssembly
Native extension for WindowsStandalone target not found
Refreshing native plugins compatible for Editor in 0.37 ms, found 0 plugins.
Preloading 0 native plugins for Editor in 0.00 ms.
Invoked RoslynAnalysisRunner static constructor.
RoslynAnalysisRunner will not be running.
RoslynAnalysisRunner has terminated.
Mono: successfully reloaded assembly
- Completed reload, in  0.951 seconds
Platform modules already initialized, skipping
========================================================================
Worker process is ready to serve import requests
Launched and connected shader compiler UnityShaderCompiler.exe after 0.09 seconds
Refreshing native plugins compatible for Editor in 0.37 ms, found 0 plugins.
Preloading 0 native plugins for Editor in 0.00 ms.
Unloading 1676 Unused Serialized files (Serialized files now loaded: 0)
System memory in use before: 176.1 MB.
System memory in use after: 176.2 MB.

Unloading 70 unused Assets to reduce memory usage. Loaded Objects now: 2144.
Total: 3.189800 ms (FindLiveObjects: 0.187700 ms CreateObjectMapping: 0.062400 ms MarkObjects: 2.830900 ms  DeleteObjects: 0.107800 ms)

========================================================================
Received Import Request.
  path: Assets/3dModel-Animations/Standing Block Idle.fbx
  artifactKey: Guid(6c64db85dbd10114c805c7db84729a4f) Importer(815301076,1909f56bfc062723c751e8b465ee728b)
Start importing Assets/3dModel-Animations/Standing Block Idle.fbx using Guid(6c64db85dbd10114c805c7db84729a4f) Importer(815301076,1909f56bfc062723c751e8b465ee728b)  -> (artifact id: '3678d69769d1c25e1852f364c2e57bb1') in 0.204832 seconds
  Import took 0.269172 seconds .

========================================================================
Received Import Request.
  Time since last request: 0.000561 seconds.
  path: Assets/3dModel-Animations/Wheelbarrow Idle.fbx
  artifactKey: Guid(e8da44f248d916248b4d1e0428d27069) Importer(815301076,1909f56bfc062723c751e8b465ee728b)
Start importing Assets/3dModel-Animations/Wheelbarrow Idle.fbx using Guid(e8da44f248d916248b4d1e0428d27069) Importer(815301076,1909f56bfc062723c751e8b465ee728b)  -> (artifact id: '9ba279ef76b1a5077eb60b6db7e4b708') in 0.038192 seconds
  Import took 0.076828 seconds .

========================================================================
Received Import Request.
  Time since last request: 0.000328 seconds.
  path: Assets/3dModel-Animations/Stand.fbx
  artifactKey: Guid(85b8dbd0f387ecf44af439e2f1278ccd) Importer(815301076,1909f56bfc062723c751e8b465ee728b)
Start importing Assets/3dModel-Animations/Stand.fbx using Guid(85b8dbd0f387ecf44af439e2f1278ccd) Importer(815301076,1909f56bfc062723c751e8b465ee728b)  -> (artifact id: '998262e8cbf0b06e78db0a94c5ec37e2') in 0.007602 seconds
  Import took 0.054691 seconds .

========================================================================
Received Import Request.
  Time since last request: 0.000349 seconds.
  path: Assets/3dModel-Animations/Zombie Crawl.fbx
  artifactKey: Guid(cec211027eee97a4a883067c1f11076e) Importer(815301076,1909f56bfc062723c751e8b465ee728b)
Start importing Assets/3dModel-Animations/Zombie Crawl.fbx using Guid(cec211027eee97a4a883067c1f11076e) Importer(815301076,1909f56bfc062723c751e8b465ee728b)  -> (artifact id: 'ef8871f4e00509c3d593a3d6b78e9dff') in 0.007104 seconds
  Import took 0.074785 seconds .

========================================================================
Received Import Request.
  Time since last request: 0.000285 seconds.
  path: Assets/3dModel-Animations/Standing Block Idle (1).fbx
  artifactKey: Guid(48ae9da01edcf8a43bfbda67af17347f) Importer(815301076,1909f56bfc062723c751e8b465ee728b)
Start importing Assets/3dModel-Animations/Standing Block Idle (1).fbx using Guid(48ae9da01edcf8a43bfbda67af17347f) Importer(815301076,1909f56bfc062723c751e8b465ee728b)  -> (artifact id: '05606583192f6a329ac6fe681a89074c') in 0.009134 seconds
  Import took 0.036375 seconds .

========================================================================
Received Prepare
Registering precompiled user dll's ...
Registered in 0.000712 seconds.
Begin MonoManager ReloadAssembly
Native extension for WindowsStandalone target not found
Refreshing native plugins compatible for Editor in 0.56 ms, found 0 plugins.
Preloading 0 native plugins for Editor in 0.00 ms.
Warning: Annotation not found!
UnityEngine.StackTraceUtility:ExtractStackTrace ()
UnityEditor.ProBuilder.EditorUtility:SetGizmoIconEnabled (System.Type,bool) (at Library/PackageCache/com.unity.probuilder@4.5.0/Editor/EditorCore/EditorUtility.cs:593)
UnityEditor.ProBuilder.HierarchyListener:.cctor () (at Library/PackageCache/com.unity.probuilder@4.5.0/Editor/EditorCore/HierarchyListener.cs:21)
System.Runtime.CompilerServices.RuntimeHelpers:RunClassConstructor (System.RuntimeTypeHandle)
UnityEditor.EditorAssemblies:ProcessInitializeOnLoadAttributes (System.Type[])

[Library/PackageCache/com.unity.probuilder@4.5.0/Editor/EditorCore/EditorUtility.cs line 593]

Invoked RoslynAnalysisRunner static constructor.
RoslynAnalysisRunner will not be running.
RoslynAnalysisRunner has terminated.
Mono: successfully reloaded assembly
- Completed reload, in  0.860 seconds
Platform modules already initialized, skipping
Refreshing native plugins compatible for Editor in 0.61 ms, found 0 plugins.
Preloading 0 native plugins for Editor in 0.00 ms.
Unloading 1595 Unused Serialized files (Serialized files now loaded: 0)
System memory in use before: 170.6 MB.
System memory in use after: 170.7 MB.

Unloading 4 unused Assets to reduce memory usage. Loaded Objects now: 2147.
Total: 2.053000 ms (FindLiveObjects: 0.138800 ms CreateObjectMapping: 0.042600 ms MarkObjects: 1.858500 ms  DeleteObjects: 0.012300 ms)

========================================================================
Received Import Request.
  Time since last request: 6313.108254 seconds.
  path: Assets/3dModel-Animations/new villain
  artifactKey: Guid(7a51831f5e3418c45a26b9c1ba258a58) Importer(815301076,1909f56bfc062723c751e8b465ee728b)
Start importing Assets/3dModel-Animations/new villain using Guid(7a51831f5e3418c45a26b9c1ba258a58) Importer(815301076,1909f56bfc062723c751e8b465ee728b)  -> (artifact id: '9336c4b6179eb012f3ad16cbebb4814b') in 0.075278 seconds
  Import took 0.152150 seconds .

========================================================================
Received Import Request.
  Time since last request: 430.644592 seconds.
  path: Assets/3dModel-Animations/new villain/Breathing Idle (1).fbx
  artifactKey: Guid(aa2caebb8f5844e4aab2d1b6e5437729) Importer(815301076,1909f56bfc062723c751e8b465ee728b)
Start importing Assets/3dModel-Animations/new villain/Breathing Idle (1).fbx using Guid(aa2caebb8f5844e4aab2d1b6e5437729) Importer(815301076,1909f56bfc062723c751e8b465ee728b)  -> (artifact id: 'be72bd32a55b295f8c3df4384d15c1c5') in 0.689066 seconds
  Import took 0.729177 seconds .

========================================================================
Received Import Request.
  Time since last request: 48.763917 seconds.
  path: Assets/3dModel-Animations/new villain/textures
  artifactKey: Guid(9c89c8b487e8d7449ad02aa367ed1424) Importer(815301076,1909f56bfc062723c751e8b465ee728b)
Start importing Assets/3dModel-Animations/new villain/textures using Guid(9c89c8b487e8d7449ad02aa367ed1424) Importer(815301076,1909f56bfc062723c751e8b465ee728b)  -> (artifact id: '5902f09132bfdf6847cbb1ce734fb0a9') in 0.129058 seconds
  Import took 0.179917 seconds .

========================================================================
Received Import Request.
  Time since last request: 0.000623 seconds.
  path: Assets/3dModel-Animations/new villain/textures/Dark_emissive.jpg
  artifactKey: Guid(569151b753b8c5f4fb12e199b151a4e4) Importer(815301076,1909f56bfc062723c751e8b465ee728b)
Start importing Assets/3dModel-Animations/new villain/textures/Dark_emissive.jpg using Guid(569151b753b8c5f4fb12e199b151a4e4) Importer(815301076,1909f56bfc062723c751e8b465ee728b)  -> (artifact id: 'e1f1e2d55852c9a83a5ede80fea227e4') in 0.152586 seconds
  Import took 0.711224 seconds .

========================================================================
Received Import Request.
  Time since last request: 0.000404 seconds.
  path: Assets/3dModel-Animations/new villain/textures/DarkGolem_albedo.jpg
  artifactKey: Guid(2d3dbb99bb30c7642b04afa41cdeeef4) Importer(815301076,1909f56bfc062723c751e8b465ee728b)
Start importing Assets/3dModel-Animations/new villain/textures/DarkGolem_albedo.jpg using Guid(2d3dbb99bb30c7642b04afa41cdeeef4) Importer(815301076,1909f56bfc062723c751e8b465ee728b)  -> (artifact id: 'd1f2bc5b8871ca0339654a0ba9a62b0c') in 0.100478 seconds
  Import took 0.323789 seconds .

========================================================================
Received Import Request.
  Time since last request: 0.000396 seconds.
  path: Assets/3dModel-Animations/new villain/textures/lambert1_metallic.jpeg
  artifactKey: Guid(3141f9990f00b954f9ba48ab3b992e7d) Importer(815301076,1909f56bfc062723c751e8b465ee728b)
Start importing Assets/3dModel-Animations/new villain/textures/lambert1_metallic.jpeg using Guid(3141f9990f00b954f9ba48ab3b992e7d) Importer(815301076,1909f56bfc062723c751e8b465ee728b)  -> (artifact id: '7cd255ad614f481d1e842562f9fb4bb1') in 0.177113 seconds
  Import took 0.305859 seconds .

========================================================================
Received Import Request.
  Time since last request: 0.000427 seconds.
  path: Assets/3dModel-Animations/new villain/textures/lambert1_normal.png
  artifactKey: Guid(1fd12d8390efeeb4ca313be0cedbda83) Importer(815301076,1909f56bfc062723c751e8b465ee728b)
Start importing Assets/3dModel-Animations/new villain/textures/lambert1_normal.png using Guid(1fd12d8390efeeb4ca313be0cedbda83) Importer(815301076,1909f56bfc062723c751e8b465ee728b)  -> (artifact id: '970b0af7d093fc5561e66eb011df1061') in 0.039278 seconds
  Import took 0.174483 seconds .

========================================================================
Received Import Request.
  Time since last request: 0.000369 seconds.
  path: Assets/3dModel-Animations/new villain/textures/lambert1_roughness.jpeg
  artifactKey: Guid(20a183b832952a341842185677294c3b) Importer(815301076,1909f56bfc062723c751e8b465ee728b)
Start importing Assets/3dModel-Animations/new villain/textures/lambert1_roughness.jpeg using Guid(20a183b832952a341842185677294c3b) Importer(815301076,1909f56bfc062723c751e8b465ee728b)  -> (artifact id: '3bcab1365c59b37b44b08e5362c797ca') in 0.102483 seconds
  Import took 0.132062 seconds .

========================================================================
Received Import Request.
  Time since last request: 0.000373 seconds.
  path: Assets/3dModel-Animations/new villain/textures/lambert1_AO.jpeg
  artifactKey: Guid(0287ce1e3e822fe42aede25028dde4b8) Importer(815301076,1909f56bfc062723c751e8b465ee728b)
Start importing Assets/3dModel-Animations/new villain/textures/lambert1_AO.jpeg using Guid(0287ce1e3e822fe42aede25028dde4b8) Importer(815301076,1909f56bfc062723c751e8b465ee728b)  -> (artifact id: '3f3cc4113aa9ab32695b771e8709197a') in 0.018224 seconds
  Import took 0.085076 seconds .

========================================================================
Received Import Request.
  Time since last request: 4.598181 seconds.
  path: Assets/3dModel-Animations/new villain/textures/New Material.mat
  artifactKey: Guid(1a2d22f81603a98448038815b9ae1ac4) Importer(815301076,1909f56bfc062723c751e8b465ee728b)
Start importing Assets/3dModel-Animations/new villain/textures/New Material.mat using Guid(1a2d22f81603a98448038815b9ae1ac4) Importer(815301076,1909f56bfc062723c751e8b465ee728b)  -> (artifact id: '366a56d97618dda4d5d4c3c951894175') in 0.463200 seconds
  Import took 0.603262 seconds .

========================================================================
Received Import Request.
  Time since last request: 34.105293 seconds.
  path: Assets/3dModel-Animations/new villain/textures/lambert1_normal.png
  artifactKey: Guid(1fd12d8390efeeb4ca313be0cedbda83) Importer(815301076,1909f56bfc062723c751e8b465ee728b)
Start importing Assets/3dModel-Animations/new villain/textures/lambert1_normal.png using Guid(1fd12d8390efeeb4ca313be0cedbda83) Importer(815301076,1909f56bfc062723c751e8b465ee728b)  -> (artifact id: 'c3bd3d8cdb81799b06612108839b541b') in 0.071966 seconds
  Import took 0.107713 seconds .

========================================================================
Received Import Request.
  Time since last request: 520.586733 seconds.
  path: Assets/3dModel-Animations/new villain/Villain.controller
  artifactKey: Guid(2c25cc924dd3b364481043c898655997) Importer(815301076,1909f56bfc062723c751e8b465ee728b)
Start importing Assets/3dModel-Animations/new villain/Villain.controller using Guid(2c25cc924dd3b364481043c898655997) Importer(815301076,1909f56bfc062723c751e8b465ee728b)  -> (artifact id: '939b22cea37a00cea6f9a58cc4947204') in 0.104509 seconds
  Import took 0.172044 seconds .

========================================================================
Received Import Request.
  Time since last request: 32.443209 seconds.
  path: Assets/3dModel-Animations/new villain/Breathing Idle (1).fbx
  artifactKey: Guid(aa2caebb8f5844e4aab2d1b6e5437729) Importer(815301076,1909f56bfc062723c751e8b465ee728b)
Start importing Assets/3dModel-Animations/new villain/Breathing Idle (1).fbx using Guid(aa2caebb8f5844e4aab2d1b6e5437729) Importer(815301076,1909f56bfc062723c751e8b465ee728b)  -> (artifact id: '0c7f8307e948d6ab724a21c3ecb8ea0c') in 0.031354 seconds
  Import took 0.140862 seconds .

========================================================================
Received Import Request.
  Time since last request: 75.807878 seconds.
  path: Assets/3dModel-Animations/new villain/Running (3).fbx
  artifactKey: Guid(c5a08221cc18fad4fa1ecb8b8d6fa2a2) Importer(815301076,1909f56bfc062723c751e8b465ee728b)
Start importing Assets/3dModel-Animations/new villain/Running (3).fbx using Guid(c5a08221cc18fad4fa1ecb8b8d6fa2a2) Importer(815301076,1909f56bfc062723c751e8b465ee728b)  -> (artifact id: 'b11adc58f10bd52b7ebb031267249c9a') in 0.014436 seconds
  Import took 0.037828 seconds .

========================================================================
Received Import Request.
  Time since last request: 6.667404 seconds.
  path: Assets/3dModel-Animations/new villain/Run.fbx
  artifactKey: Guid(c5a08221cc18fad4fa1ecb8b8d6fa2a2) Importer(815301076,1909f56bfc062723c751e8b465ee728b)
Start importing Assets/3dModel-Animations/new villain/Run.fbx using Guid(c5a08221cc18fad4fa1ecb8b8d6fa2a2) Importer(815301076,1909f56bfc062723c751e8b465ee728b)  -> (artifact id: 'b97a20ce4c38d04193f7e7c841639015') in 0.023788 seconds
  Import took 0.026975 seconds .

========================================================================
Received Import Request.
  Time since last request: 85.231015 seconds.
  path: Assets/3dModel-Animations/new villain/Mutant Walking (3).fbx
  artifactKey: Guid(16e8e61f0231b364f9a12f66abfabeaf) Importer(815301076,1909f56bfc062723c751e8b465ee728b)
Start importing Assets/3dModel-Animations/new villain/Mutant Walking (3).fbx using Guid(16e8e61f0231b364f9a12f66abfabeaf) Importer(815301076,1909f56bfc062723c751e8b465ee728b)  -> (artifact id: '6a40f8e0c5459834a8687fc96ea6f2a6') in 0.007972 seconds
  Import took 0.089005 seconds .

========================================================================
Received Import Request.
  Time since last request: 4.931390 seconds.
  path: Assets/3dModel-Animations/new villain/Walk.fbx
  artifactKey: Guid(16e8e61f0231b364f9a12f66abfabeaf) Importer(815301076,1909f56bfc062723c751e8b465ee728b)
Start importing Assets/3dModel-Animations/new villain/Walk.fbx using Guid(16e8e61f0231b364f9a12f66abfabeaf) Importer(815301076,1909f56bfc062723c751e8b465ee728b)  -> (artifact id: '0705ab361740679cd702ae09490f560b') in 0.018128 seconds
  Import took 0.056626 seconds .

========================================================================
Received Import Request.
  Time since last request: 8.979938 seconds.
  path: Assets/3dModel-Animations/new villain/Run.fbx
  artifactKey: Guid(c5a08221cc18fad4fa1ecb8b8d6fa2a2) Importer(815301076,1909f56bfc062723c751e8b465ee728b)
Start importing Assets/3dModel-Animations/new villain/Run.fbx using Guid(c5a08221cc18fad4fa1ecb8b8d6fa2a2) Importer(815301076,1909f56bfc062723c751e8b465ee728b)  -> (artifact id: '42a1229e5de70416c819bc0fd9eeb160') in 0.007004 seconds
  Import took 0.058763 seconds .

========================================================================
Received Import Request.
  Time since last request: 0.005460 seconds.
  path: Assets/3dModel-Animations/new villain/Run.fbx
  artifactKey: Guid(c5a08221cc18fad4fa1ecb8b8d6fa2a2) Importer(815301076,1909f56bfc062723c751e8b465ee728b)
Start importing Assets/3dModel-Animations/new villain/Run.fbx using Guid(c5a08221cc18fad4fa1ecb8b8d6fa2a2) Importer(815301076,1909f56bfc062723c751e8b465ee728b)  -> (artifact id: '42a1229e5de70416c819bc0fd9eeb160') in 0.005327 seconds
  Import took 0.050383 seconds .

========================================================================
Received Import Request.
  Time since last request: 3.746257 seconds.
  path: Assets/3dModel-Animations/new villain/Walk.fbx
  artifactKey: Guid(16e8e61f0231b364f9a12f66abfabeaf) Importer(815301076,1909f56bfc062723c751e8b465ee728b)
Start importing Assets/3dModel-Animations/new villain/Walk.fbx using Guid(16e8e61f0231b364f9a12f66abfabeaf) Importer(815301076,1909f56bfc062723c751e8b465ee728b)  -> (artifact id: 'dadc1261cd9196a0d2ec16871a6d7ebb') in 0.007071 seconds
  Import took 0.070204 seconds .

========================================================================
Received Import Request.
  Time since last request: 95.139976 seconds.
  path: Assets/3dModel-Animations/new villain/Standing 2H Magic Area Attack 02.fbx
  artifactKey: Guid(82b10423ac805264abff113d0b8e9f3b) Importer(815301076,1909f56bfc062723c751e8b465ee728b)
Start importing Assets/3dModel-Animations/new villain/Standing 2H Magic Area Attack 02.fbx using Guid(82b10423ac805264abff113d0b8e9f3b) Importer(815301076,1909f56bfc062723c751e8b465ee728b)  -> (artifact id: 'fd25b999f7f5f594f7aa8b95418c031b') in 0.026188 seconds
  Import took 0.059032 seconds .

========================================================================
Received Import Request.
  Time since last request: 6.808714 seconds.
  path: Assets/3dModel-Animations/new villain/Fog.fbx
  artifactKey: Guid(82b10423ac805264abff113d0b8e9f3b) Importer(815301076,1909f56bfc062723c751e8b465ee728b)
Start importing Assets/3dModel-Animations/new villain/Fog.fbx using Guid(82b10423ac805264abff113d0b8e9f3b) Importer(815301076,1909f56bfc062723c751e8b465ee728b)  -> (artifact id: '42b7d39a7048395155cc2cca26a33380') in 0.047144 seconds
  Import took 0.051534 seconds .

========================================================================
Received Import Request.
  Time since last request: 221.766641 seconds.
  path: Assets/3dModel-Animations/new villain/Sword And Shield Block Idle.fbx
  artifactKey: Guid(70dad76407b1857428d5f9ebb9a2867b) Importer(815301076,1909f56bfc062723c751e8b465ee728b)
Start importing Assets/3dModel-Animations/new villain/Sword And Shield Block Idle.fbx using Guid(70dad76407b1857428d5f9ebb9a2867b) Importer(815301076,1909f56bfc062723c751e8b465ee728b)  -> (artifact id: 'de73cb8d45340a0c39a14c231a9bb701') in 0.015999 seconds
  Import took 0.033455 seconds .

========================================================================
Received Import Request.
  Time since last request: 7.799925 seconds.
  path: Assets/3dModel-Animations/new villain/Block.fbx
  artifactKey: Guid(70dad76407b1857428d5f9ebb9a2867b) Importer(815301076,1909f56bfc062723c751e8b465ee728b)
Start importing Assets/3dModel-Animations/new villain/Block.fbx using Guid(70dad76407b1857428d5f9ebb9a2867b) Importer(815301076,1909f56bfc062723c751e8b465ee728b)  -> (artifact id: '9c67d22922e0daf179b5387b35c550fc') in 0.006672 seconds
  Import took 0.041334 seconds .

========================================================================
Received Import Request.
  Time since last request: 80.659150 seconds.
  path: Assets/3dModel-Animations/new villain/Sword And Shield Power Up.fbx
  artifactKey: Guid(5e80ee3c7212fc1448d21be38e7f6cbf) Importer(815301076,1909f56bfc062723c751e8b465ee728b)
Start importing Assets/3dModel-Animations/new villain/Sword And Shield Power Up.fbx using Guid(5e80ee3c7212fc1448d21be38e7f6cbf) Importer(815301076,1909f56bfc062723c751e8b465ee728b)  -> (artifact id: 'e07905f084b8fc44b734376479bc5024') in 0.012851 seconds
  Import took 0.027388 seconds .

========================================================================
Received Import Request.
  Time since last request: 18.794631 seconds.
  path: Assets/3dModel-Animations/new villain/Block Finish.fbx
  artifactKey: Guid(5e80ee3c7212fc1448d21be38e7f6cbf) Importer(815301076,1909f56bfc062723c751e8b465ee728b)
Start importing Assets/3dModel-Animations/new villain/Block Finish.fbx using Guid(5e80ee3c7212fc1448d21be38e7f6cbf) Importer(815301076,1909f56bfc062723c751e8b465ee728b)  -> (artifact id: 'a1f5393e78a4aa550e61553bd357d993') in 0.008565 seconds
  Import took 0.013131 seconds .

========================================================================
Received Import Request.
  Time since last request: 0.011891 seconds.
  path: Assets/3dModel-Animations/new villain/Block Finish.fbx
  artifactKey: Guid(5e80ee3c7212fc1448d21be38e7f6cbf) Importer(815301076,1909f56bfc062723c751e8b465ee728b)
Start importing Assets/3dModel-Animations/new villain/Block Finish.fbx using Guid(5e80ee3c7212fc1448d21be38e7f6cbf) Importer(815301076,1909f56bfc062723c751e8b465ee728b)  -> (artifact id: 'a1f5393e78a4aa550e61553bd357d993') in 0.007265 seconds
  Import took 0.010842 seconds .

========================================================================
Received Import Request.
  Time since last request: 293.810998 seconds.
  path: Assets/3dModel-Animations/new villain/Dying.fbx
  artifactKey: Guid(f440c2abdd314c14f82d0922a23a6373) Importer(815301076,1909f56bfc062723c751e8b465ee728b)
Start importing Assets/3dModel-Animations/new villain/Dying.fbx using Guid(f440c2abdd314c14f82d0922a23a6373) Importer(815301076,1909f56bfc062723c751e8b465ee728b)  -> (artifact id: 'c7067d803451298dab5ccdbff8306603') in 0.031924 seconds
  Import took 0.068988 seconds .

========================================================================
Received Import Request.
  Time since last request: 12.204417 seconds.
  path: Assets/3dModel-Animations/new villain/Falling front.fbx
  artifactKey: Guid(f440c2abdd314c14f82d0922a23a6373) Importer(815301076,1909f56bfc062723c751e8b465ee728b)
Start importing Assets/3dModel-Animations/new villain/Falling front.fbx using Guid(f440c2abdd314c14f82d0922a23a6373) Importer(815301076,1909f56bfc062723c751e8b465ee728b)  -> (artifact id: '48c4751015985ed101a88a0d4f7fca63') in 0.024993 seconds
  Import took 0.029530 seconds .

========================================================================
Received Import Request.
  Time since last request: 0.002019 seconds.
  path: Assets/3dModel-Animations/new villain/Falling front.fbx
  artifactKey: Guid(f440c2abdd314c14f82d0922a23a6373) Importer(815301076,1909f56bfc062723c751e8b465ee728b)
Start importing Assets/3dModel-Animations/new villain/Falling front.fbx using Guid(f440c2abdd314c14f82d0922a23a6373) Importer(815301076,1909f56bfc062723c751e8b465ee728b)  -> (artifact id: '48c4751015985ed101a88a0d4f7fca63') in 0.007476 seconds
  Import took 0.011435 seconds .

========================================================================
Received Import Request.
  Time since last request: 54.973407 seconds.
  path: Assets/3dModel-Animations/new villain/Zombie Crawl (1).fbx
  artifactKey: Guid(03a0065c2534497488b85ce39d7d8bd2) Importer(815301076,1909f56bfc062723c751e8b465ee728b)
Start importing Assets/3dModel-Animations/new villain/Zombie Crawl (1).fbx using Guid(03a0065c2534497488b85ce39d7d8bd2) Importer(815301076,1909f56bfc062723c751e8b465ee728b)  -> (artifact id: 'c61d1b060f97ea280648f692e2f3ad51') in 0.008725 seconds
  Import took 0.053194 seconds .

========================================================================
Received Import Request.
  Time since last request: 8.951438 seconds.
  path: Assets/3dModel-Animations/new villain/Crawl.fbx
  artifactKey: Guid(03a0065c2534497488b85ce39d7d8bd2) Importer(815301076,1909f56bfc062723c751e8b465ee728b)
Start importing Assets/3dModel-Animations/new villain/Crawl.fbx using Guid(03a0065c2534497488b85ce39d7d8bd2) Importer(815301076,1909f56bfc062723c751e8b465ee728b)  -> (artifact id: 'ffe48dc76b3dc99ddfd513876328bec0') in 0.025878 seconds
  Import took 0.057255 seconds .

========================================================================
Received Import Request.
  Time since last request: 0.008655 seconds.
  path: Assets/3dModel-Animations/new villain/Crawl.fbx
  artifactKey: Guid(03a0065c2534497488b85ce39d7d8bd2) Importer(815301076,1909f56bfc062723c751e8b465ee728b)
Start importing Assets/3dModel-Animations/new villain/Crawl.fbx using Guid(03a0065c2534497488b85ce39d7d8bd2) Importer(815301076,1909f56bfc062723c751e8b465ee728b)  -> (artifact id: 'ffe48dc76b3dc99ddfd513876328bec0') in 0.007699 seconds
  Import took 0.012882 seconds .

========================================================================
Received Import Request.
  Time since last request: 321.517921 seconds.
  path: Assets/3dModel-Animations/new villain/Zombie Idle.fbx
  artifactKey: Guid(d4b9950481b4c704bbf62cc18a08f30f) Importer(815301076,1909f56bfc062723c751e8b465ee728b)
Start importing Assets/3dModel-Animations/new villain/Zombie Idle.fbx using Guid(d4b9950481b4c704bbf62cc18a08f30f) Importer(815301076,1909f56bfc062723c751e8b465ee728b)  -> (artifact id: '5766649685c1826425c99d21f33bee6b') in 0.009341 seconds
  Import took 0.066082 seconds .

========================================================================
Received Import Request.
  Time since last request: 25.667368 seconds.
  path: Assets/3dModel-Animations/new villain/Zombie Idle.fbx
  artifactKey: Guid(d4b9950481b4c704bbf62cc18a08f30f) Importer(815301076,1909f56bfc062723c751e8b465ee728b)
Start importing Assets/3dModel-Animations/new villain/Zombie Idle.fbx using Guid(d4b9950481b4c704bbf62cc18a08f30f) Importer(815301076,1909f56bfc062723c751e8b465ee728b)  -> (artifact id: 'e0edf3042537c17c9762185a9025c2be') in 0.006393 seconds
  Import took 0.009922 seconds .

========================================================================
Received Import Request.
  Time since last request: 0.000681 seconds.
  path: Assets/3dModel-Animations/new villain/Zombie Idle.fbx
  artifactKey: Guid(d4b9950481b4c704bbf62cc18a08f30f) Importer(815301076,1909f56bfc062723c751e8b465ee728b)
Start importing Assets/3dModel-Animations/new villain/Zombie Idle.fbx using Guid(d4b9950481b4c704bbf62cc18a08f30f) Importer(815301076,1909f56bfc062723c751e8b465ee728b)  -> (artifact id: 'e0edf3042537c17c9762185a9025c2be') in 0.008075 seconds
  Import took 0.013841 seconds .

========================================================================
Received Import Request.
  Time since last request: 15.771215 seconds.
  path: Assets/3dModel-Animations/new villain/Prepared.fbx
  artifactKey: Guid(d4b9950481b4c704bbf62cc18a08f30f) Importer(815301076,1909f56bfc062723c751e8b465ee728b)
Start importing Assets/3dModel-Animations/new villain/Prepared.fbx using Guid(d4b9950481b4c704bbf62cc18a08f30f) Importer(815301076,1909f56bfc062723c751e8b465ee728b)  -> (artifact id: 'ef0ba283260b6ca1c7ea9135bdb5a8ed') in 0.027451 seconds
  Import took 0.060652 seconds .

========================================================================
Received Import Request.
  Time since last request: 68.930553 seconds.
  path: Assets/3dModel-Animations/new villain/Crawl.fbx
  artifactKey: Guid(03a0065c2534497488b85ce39d7d8bd2) Importer(815301076,1909f56bfc062723c751e8b465ee728b)
Start importing Assets/3dModel-Animations/new villain/Crawl.fbx using Guid(03a0065c2534497488b85ce39d7d8bd2) Importer(815301076,1909f56bfc062723c751e8b465ee728b)  -> (artifact id: '5a7a7e78cf05fc044cceb182fb612c6d') in 0.007071 seconds
  Import took 0.052325 seconds .

========================================================================
Received Import Request.
  Time since last request: 148.393356 seconds.
  path: Assets/3dModel-Animations/new villain/Flying Back Death (1).fbx
  artifactKey: Guid(5ffbb3f5523f28a4bafbf7773878a18a) Importer(815301076,1909f56bfc062723c751e8b465ee728b)
Start importing Assets/3dModel-Animations/new villain/Flying Back Death (1).fbx using Guid(5ffbb3f5523f28a4bafbf7773878a18a) Importer(815301076,1909f56bfc062723c751e8b465ee728b)  -> (artifact id: 'd9ab1e78547a982e23dc52658f252f57') in 0.026138 seconds
  Import took 0.093099 seconds .

========================================================================
Received Import Request.
  Time since last request: 0.003474 seconds.
  path: Assets/3dModel-Animations/new villain/Flying Back Death (1).fbx
  artifactKey: Guid(5ffbb3f5523f28a4bafbf7773878a18a) Importer(815301076,1909f56bfc062723c751e8b465ee728b)
Start importing Assets/3dModel-Animations/new villain/Flying Back Death (1).fbx using Guid(5ffbb3f5523f28a4bafbf7773878a18a) Importer(815301076,1909f56bfc062723c751e8b465ee728b)  -> (artifact id: 'd9ab1e78547a982e23dc52658f252f57') in 0.008163 seconds
  Import took 0.012713 seconds .

========================================================================
Received Import Request.
  Time since last request: 16.847010 seconds.
  path: Assets/3dModel-Animations/new villain/Die.fbx
  artifactKey: Guid(5ffbb3f5523f28a4bafbf7773878a18a) Importer(815301076,1909f56bfc062723c751e8b465ee728b)
Start importing Assets/3dModel-Animations/new villain/Die.fbx using Guid(5ffbb3f5523f28a4bafbf7773878a18a) Importer(815301076,1909f56bfc062723c751e8b465ee728b)  -> (artifact id: '99ad2316b0d76434f6881d914655a738') in 0.060570 seconds
  Import took 0.099678 seconds .

========================================================================
Received Prepare
Registering precompiled user dll's ...
Registered in 0.000848 seconds.
Begin MonoManager ReloadAssembly
Native extension for WindowsStandalone target not found
Refreshing native plugins compatible for Editor in 0.38 ms, found 0 plugins.
Preloading 0 native plugins for Editor in 0.00 ms.
Warning: Annotation not found!
UnityEngine.StackTraceUtility:ExtractStackTrace ()
UnityEditor.ProBuilder.EditorUtility:SetGizmoIconEnabled (System.Type,bool) (at Library/PackageCache/com.unity.probuilder@4.5.0/Editor/EditorCore/EditorUtility.cs:593)
UnityEditor.ProBuilder.HierarchyListener:.cctor () (at Library/PackageCache/com.unity.probuilder@4.5.0/Editor/EditorCore/HierarchyListener.cs:21)
System.Runtime.CompilerServices.RuntimeHelpers:RunClassConstructor (System.RuntimeTypeHandle)
UnityEditor.EditorAssemblies:ProcessInitializeOnLoadAttributes (System.Type[])

[Library/PackageCache/com.unity.probuilder@4.5.0/Editor/EditorCore/EditorUtility.cs line 593]

Invoked RoslynAnalysisRunner static constructor.
RoslynAnalysisRunner will not be running.
RoslynAnalysisRunner has terminated.
Mono: successfully reloaded assembly
- Completed reload, in  0.844 seconds
Platform modules already initialized, skipping
Refreshing native plugins compatible for Editor in 0.36 ms, found 0 plugins.
Preloading 0 native plugins for Editor in 0.00 ms.
Unloading 1595 Unused Serialized files (Serialized files now loaded: 0)
System memory in use before: 187.7 MB.
System memory in use after: 187.8 MB.

Unloading 5 unused Assets to reduce memory usage. Loaded Objects now: 2197.
Total: 2.179200 ms (FindLiveObjects: 0.182800 ms CreateObjectMapping: 0.059900 ms MarkObjects: 1.914100 ms  DeleteObjects: 0.021300 ms)

========================================================================
Received Prepare
Registering precompiled user dll's ...
Registered in 0.000756 seconds.
Begin MonoManager ReloadAssembly
Native extension for WindowsStandalone target not found
Refreshing native plugins compatible for Editor in 0.38 ms, found 0 plugins.
Preloading 0 native plugins for Editor in 0.00 ms.
Warning: Annotation not found!
UnityEngine.StackTraceUtility:ExtractStackTrace ()
UnityEditor.ProBuilder.EditorUtility:SetGizmoIconEnabled (System.Type,bool) (at Library/PackageCache/com.unity.probuilder@4.5.0/Editor/EditorCore/EditorUtility.cs:593)
UnityEditor.ProBuilder.HierarchyListener:.cctor () (at Library/PackageCache/com.unity.probuilder@4.5.0/Editor/EditorCore/HierarchyListener.cs:21)
System.Runtime.CompilerServices.RuntimeHelpers:RunClassConstructor (System.RuntimeTypeHandle)
UnityEditor.EditorAssemblies:ProcessInitializeOnLoadAttributes (System.Type[])

[Library/PackageCache/com.unity.probuilder@4.5.0/Editor/EditorCore/EditorUtility.cs line 593]

Invoked RoslynAnalysisRunner static constructor.
RoslynAnalysisRunner will not be running.
RoslynAnalysisRunner has terminated.
Mono: successfully reloaded assembly
- Completed reload, in  0.937 seconds
Platform modules already initialized, skipping
Refreshing native plugins compatible for Editor in 0.40 ms, found 0 plugins.
Preloading 0 native plugins for Editor in 0.00 ms.
Unloading 1592 Unused Serialized files (Serialized files now loaded: 0)
System memory in use before: 187.6 MB.
System memory in use after: 187.8 MB.

Unloading 7 unused Assets to reduce memory usage. Loaded Objects now: 2197.
Total: 2.021500 ms (FindLiveObjects: 0.167100 ms CreateObjectMapping: 0.054600 ms MarkObjects: 1.778200 ms  DeleteObjects: 0.020700 ms)

========================================================================
Received Prepare
Registering precompiled user dll's ...
Registered in 0.000749 seconds.
Begin MonoManager ReloadAssembly
Native extension for WindowsStandalone target not found
Refreshing native plugins compatible for Editor in 0.36 ms, found 0 plugins.
Preloading 0 native plugins for Editor in 0.00 ms.
Warning: Annotation not found!
UnityEngine.StackTraceUtility:ExtractStackTrace ()
UnityEditor.ProBuilder.EditorUtility:SetGizmoIconEnabled (System.Type,bool) (at Library/PackageCache/com.unity.probuilder@4.5.0/Editor/EditorCore/EditorUtility.cs:593)
UnityEditor.ProBuilder.HierarchyListener:.cctor () (at Library/PackageCache/com.unity.probuilder@4.5.0/Editor/EditorCore/HierarchyListener.cs:21)
System.Runtime.CompilerServices.RuntimeHelpers:RunClassConstructor (System.RuntimeTypeHandle)
UnityEditor.EditorAssemblies:ProcessInitializeOnLoadAttributes (System.Type[])

[Library/PackageCache/com.unity.probuilder@4.5.0/Editor/EditorCore/EditorUtility.cs line 593]

Invoked RoslynAnalysisRunner static constructor.
RoslynAnalysisRunner will not be running.
RoslynAnalysisRunner has terminated.
Mono: successfully reloaded assembly
- Completed reload, in  0.823 seconds
Platform modules already initialized, skipping
Refreshing native plugins compatible for Editor in 0.36 ms, found 0 plugins.
Preloading 0 native plugins for Editor in 0.00 ms.
Unloading 1592 Unused Serialized files (Serialized files now loaded: 0)
System memory in use before: 187.7 MB.
System memory in use after: 187.8 MB.

Unloading 4 unused Assets to reduce memory usage. Loaded Objects now: 2200.
Total: 2.889700 ms (FindLiveObjects: 0.280000 ms CreateObjectMapping: 0.068700 ms MarkObjects: 2.520400 ms  DeleteObjects: 0.019000 ms)

========================================================================
Received Import Request.
  Time since last request: 256.204279 seconds.
  path: Assets/Materials-Textures/portalOpening.mat
  artifactKey: Guid(c8dc4a33fd9e6d24499b7f5f81c36f38) Importer(815301076,1909f56bfc062723c751e8b465ee728b)
Start importing Assets/Materials-Textures/portalOpening.mat using Guid(c8dc4a33fd9e6d24499b7f5f81c36f38) Importer(815301076,1909f56bfc062723c751e8b465ee728b)  -> (artifact id: '1dfcc6503d2b63f2cec222ddccaf355c') in 0.217699 seconds
  Import took 0.220548 seconds .

========================================================================
Received Import Request.
  Time since last request: 0.002407 seconds.
  path: Assets/Materials-Textures/portalOpening.mat
  artifactKey: Guid(c8dc4a33fd9e6d24499b7f5f81c36f38) Importer(815301076,1909f56bfc062723c751e8b465ee728b)
Start importing Assets/Materials-Textures/portalOpening.mat using Guid(c8dc4a33fd9e6d24499b7f5f81c36f38) Importer(815301076,1909f56bfc062723c751e8b465ee728b)  -> (artifact id: '1dfcc6503d2b63f2cec222ddccaf355c') in 0.006767 seconds
  Import took 0.009440 seconds .

========================================================================
Received Import Request.
  Time since last request: 3.183733 seconds.
  path: Assets/Prefabs/Portal Opening.prefab
  artifactKey: Guid(269bd43b4dae8b84b85618455722ac50) Importer(815301076,1909f56bfc062723c751e8b465ee728b)
Start importing Assets/Prefabs/Portal Opening.prefab using Guid(269bd43b4dae8b84b85618455722ac50) Importer(815301076,1909f56bfc062723c751e8b465ee728b)  -> (artifact id: '7106092d3fa41ac26054e78184f56f0b') in 0.268732 seconds
  Import took 0.300569 seconds .

========================================================================
Received Import Request.
  Time since last request: 0.000307 seconds.
  path: Assets/Prefabs/UserHands.prefab
  artifactKey: Guid(a24760bf945da21418f5aa4612107304) Importer(815301076,1909f56bfc062723c751e8b465ee728b)
Start importing Assets/Prefabs/UserHands.prefab using Guid(a24760bf945da21418f5aa4612107304) Importer(815301076,1909f56bfc062723c751e8b465ee728b)  -> (artifact id: '5116968d7355869cc11c4fcaacf0696d') in 0.059373 seconds
  Import took 0.061898 seconds .

========================================================================
Received Import Request.
  Time since last request: 0.000306 seconds.
  path: Assets/Prefabs/Targets.prefab
  artifactKey: Guid(e16145421556fbd41a24d3d58113e0a7) Importer(815301076,1909f56bfc062723c751e8b465ee728b)
Start importing Assets/Prefabs/Targets.prefab using Guid(e16145421556fbd41a24d3d58113e0a7) Importer(815301076,1909f56bfc062723c751e8b465ee728b)  -> (artifact id: '09e4c743aeb47d95c5d4b7d91bb845b2') in 0.006238 seconds
  Import took 0.009144 seconds .

========================================================================
Received Prepare
Registering precompiled user dll's ...
Registered in 0.001091 seconds.
Begin MonoManager ReloadAssembly
Native extension for WindowsStandalone target not found
Refreshing native plugins compatible for Editor in 0.38 ms, found 0 plugins.
Preloading 0 native plugins for Editor in 0.00 ms.
Warning: Annotation not found!
UnityEngine.StackTraceUtility:ExtractStackTrace ()
UnityEditor.ProBuilder.EditorUtility:SetGizmoIconEnabled (System.Type,bool) (at Library/PackageCache/com.unity.probuilder@4.5.0/Editor/EditorCore/EditorUtility.cs:593)
UnityEditor.ProBuilder.HierarchyListener:.cctor () (at Library/PackageCache/com.unity.probuilder@4.5.0/Editor/EditorCore/HierarchyListener.cs:21)
System.Runtime.CompilerServices.RuntimeHelpers:RunClassConstructor (System.RuntimeTypeHandle)
UnityEditor.EditorAssemblies:ProcessInitializeOnLoadAttributes (System.Type[])

[Library/PackageCache/com.unity.probuilder@4.5.0/Editor/EditorCore/EditorUtility.cs line 593]

Invoked RoslynAnalysisRunner static constructor.
RoslynAnalysisRunner will not be running.
RoslynAnalysisRunner has terminated.
Mono: successfully reloaded assembly
- Completed reload, in  0.841 seconds
Platform modules already initialized, skipping
Refreshing native plugins compatible for Editor in 0.51 ms, found 0 plugins.
Preloading 0 native plugins for Editor in 0.00 ms.
Unloading 1592 Unused Serialized files (Serialized files now loaded: 0)
System memory in use before: 187.7 MB.
System memory in use after: 187.8 MB.

Unloading 4 unused Assets to reduce memory usage. Loaded Objects now: 2205.
Total: 1.973900 ms (FindLiveObjects: 0.179700 ms CreateObjectMapping: 0.053300 ms MarkObjects: 1.726400 ms  DeleteObjects: 0.013700 ms)

========================================================================
Received Prepare
Registering precompiled user dll's ...
Registered in 0.002701 seconds.
Begin MonoManager ReloadAssembly
Native extension for WindowsStandalone target not found
Refreshing native plugins compatible for Editor in 0.44 ms, found 0 plugins.
Preloading 0 native plugins for Editor in 0.00 ms.
Warning: Annotation not found!
UnityEngine.StackTraceUtility:ExtractStackTrace ()
UnityEditor.ProBuilder.EditorUtility:SetGizmoIconEnabled (System.Type,bool) (at Library/PackageCache/com.unity.probuilder@4.5.0/Editor/EditorCore/EditorUtility.cs:593)
UnityEditor.ProBuilder.HierarchyListener:.cctor () (at Library/PackageCache/com.unity.probuilder@4.5.0/Editor/EditorCore/HierarchyListener.cs:21)
System.Runtime.CompilerServices.RuntimeHelpers:RunClassConstructor (System.RuntimeTypeHandle)
UnityEditor.EditorAssemblies:ProcessInitializeOnLoadAttributes (System.Type[])

[Library/PackageCache/com.unity.probuilder@4.5.0/Editor/EditorCore/EditorUtility.cs line 593]

Invoked RoslynAnalysisRunner static constructor.
RoslynAnalysisRunner will not be running.
RoslynAnalysisRunner has terminated.
Mono: successfully reloaded assembly
- Completed reload, in  1.926 seconds
Platform modules already initialized, skipping
Refreshing native plugins compatible for Editor in 0.66 ms, found 0 plugins.
Preloading 0 native plugins for Editor in 0.00 ms.
Unloading 1592 Unused Serialized files (Serialized files now loaded: 0)
System memory in use before: 187.7 MB.
System memory in use after: 187.8 MB.

Unloading 4 unused Assets to reduce memory usage. Loaded Objects now: 2208.
Total: 5.315500 ms (FindLiveObjects: 0.327600 ms CreateObjectMapping: 0.200200 ms MarkObjects: 4.735600 ms  DeleteObjects: 0.028400 ms)

========================================================================
Received Prepare
Registering precompiled user dll's ...
Registered in 0.002179 seconds.
Begin MonoManager ReloadAssembly
Native extension for WindowsStandalone target not found
Refreshing native plugins compatible for Editor in 0.58 ms, found 0 plugins.
Preloading 0 native plugins for Editor in 0.00 ms.
Warning: Annotation not found!
UnityEngine.StackTraceUtility:ExtractStackTrace ()
UnityEditor.ProBuilder.EditorUtility:SetGizmoIconEnabled (System.Type,bool) (at Library/PackageCache/com.unity.probuilder@4.5.0/Editor/EditorCore/EditorUtility.cs:593)
UnityEditor.ProBuilder.HierarchyListener:.cctor () (at Library/PackageCache/com.unity.probuilder@4.5.0/Editor/EditorCore/HierarchyListener.cs:21)
System.Runtime.CompilerServices.RuntimeHelpers:RunClassConstructor (System.RuntimeTypeHandle)
UnityEditor.EditorAssemblies:ProcessInitializeOnLoadAttributes (System.Type[])

[Library/PackageCache/com.unity.probuilder@4.5.0/Editor/EditorCore/EditorUtility.cs line 593]

Invoked RoslynAnalysisRunner static constructor.
RoslynAnalysisRunner will not be running.
RoslynAnalysisRunner has terminated.
Mono: successfully reloaded assembly
- Completed reload, in  2.345 seconds
Platform modules already initialized, skipping
Refreshing native plugins compatible for Editor in 0.76 ms, found 0 plugins.
Preloading 0 native plugins for Editor in 0.00 ms.
Unloading 1592 Unused Serialized files (Serialized files now loaded: 0)
System memory in use before: 187.7 MB.
System memory in use after: 187.8 MB.

Unloading 4 unused Assets to reduce memory usage. Loaded Objects now: 2211.
Total: 6.053300 ms (FindLiveObjects: 0.350200 ms CreateObjectMapping: 0.111100 ms MarkObjects: 5.533400 ms  DeleteObjects: 0.056600 ms)

========================================================================
Received Prepare
Registering precompiled user dll's ...
Registered in 0.001617 seconds.
Begin MonoManager ReloadAssembly
Native extension for WindowsStandalone target not found
Refreshing native plugins compatible for Editor in 0.55 ms, found 0 plugins.
Preloading 0 native plugins for Editor in 0.00 ms.
Warning: Annotation not found!
UnityEngine.StackTraceUtility:ExtractStackTrace ()
UnityEditor.ProBuilder.EditorUtility:SetGizmoIconEnabled (System.Type,bool) (at Library/PackageCache/com.unity.probuilder@4.5.0/Editor/EditorCore/EditorUtility.cs:593)
UnityEditor.ProBuilder.HierarchyListener:.cctor () (at Library/PackageCache/com.unity.probuilder@4.5.0/Editor/EditorCore/HierarchyListener.cs:21)
System.Runtime.CompilerServices.RuntimeHelpers:RunClassConstructor (System.RuntimeTypeHandle)
UnityEditor.EditorAssemblies:ProcessInitializeOnLoadAttributes (System.Type[])

[Library/PackageCache/com.unity.probuilder@4.5.0/Editor/EditorCore/EditorUtility.cs line 593]

Invoked RoslynAnalysisRunner static constructor.
RoslynAnalysisRunner will not be running.
RoslynAnalysisRunner has terminated.
Mono: successfully reloaded assembly
- Completed reload, in  3.143 seconds
Platform modules already initialized, skipping
Refreshing native plugins compatible for Editor in 1.13 ms, found 0 plugins.
Preloading 0 native plugins for Editor in 0.00 ms.
Unloading 1592 Unused Serialized files (Serialized files now loaded: 0)
System memory in use before: 187.7 MB.
System memory in use after: 187.9 MB.

Unloading 4 unused Assets to reduce memory usage. Loaded Objects now: 2214.
Total: 11.302100 ms (FindLiveObjects: 1.195400 ms CreateObjectMapping: 0.529300 ms MarkObjects: 9.522900 ms  DeleteObjects: 0.051800 ms)

========================================================================
Received Import Request.
  Time since last request: 2536.509266 seconds.
  path: Assets/3dModel-Animations/Earth/Female Dynamic Pose.fbx
  artifactKey: Guid(4f4b8d5bbabe3cd43878f02979083f52) Importer(815301076,1909f56bfc062723c751e8b465ee728b)
Start importing Assets/3dModel-Animations/Earth/Female Dynamic Pose.fbx using Guid(4f4b8d5bbabe3cd43878f02979083f52) Importer(815301076,1909f56bfc062723c751e8b465ee728b)  -> (artifact id: '7035dd4f732ced779e1013335633a672') in 0.073246 seconds
  Import took 0.102012 seconds .

========================================================================
Received Import Request.
  Time since last request: 0.001558 seconds.
  path: Assets/3dModel-Animations/Earth/Female Dynamic Pose.fbx
  artifactKey: Guid(4f4b8d5bbabe3cd43878f02979083f52) Importer(815301076,1909f56bfc062723c751e8b465ee728b)
Start importing Assets/3dModel-Animations/Earth/Female Dynamic Pose.fbx using Guid(4f4b8d5bbabe3cd43878f02979083f52) Importer(815301076,1909f56bfc062723c751e8b465ee728b)  -> (artifact id: '7035dd4f732ced779e1013335633a672') in 0.017927 seconds
  Import took 0.029830 seconds .

========================================================================
Received Import Request.
  Time since last request: 381.397543 seconds.
  path: Assets/Materials-Textures/Particle Textures/New Material 1.mat
  artifactKey: Guid(16a901e2f08911d40bed411aff40ce47) Importer(815301076,1909f56bfc062723c751e8b465ee728b)
Start importing Assets/Materials-Textures/Particle Textures/New Material 1.mat using Guid(16a901e2f08911d40bed411aff40ce47) Importer(815301076,1909f56bfc062723c751e8b465ee728b)  -> (artifact id: '5c88ad3f1e96a86e5803173313331973') in 0.199211 seconds
  Import took 0.269675 seconds .

========================================================================
Received Import Request.
  Time since last request: 56.880345 seconds.
  path: Assets/Materials-Textures/Particle Textures/PNG (Transparent)/star_06.png
  artifactKey: Guid(b5e9a7364792e164f8f65ce1d0a7c3cc) Importer(815301076,1909f56bfc062723c751e8b465ee728b)
Start importing Assets/Materials-Textures/Particle Textures/PNG (Transparent)/star_06.png using Guid(b5e9a7364792e164f8f65ce1d0a7c3cc) Importer(815301076,1909f56bfc062723c751e8b465ee728b)  -> (artifact id: '0b6833a843cfc0704f798a97cbe85605') in 0.134905 seconds
  Import took 0.156897 seconds .

========================================================================
Received Import Request.
  Time since last request: 122.972585 seconds.
  path: Assets/Materials-Textures/Particle Textures/PNG (Transparent)/star_02.png
  artifactKey: Guid(9ecac4204f26a0a4aafbe383b5f5984a) Importer(815301076,1909f56bfc062723c751e8b465ee728b)
Start importing Assets/Materials-Textures/Particle Textures/PNG (Transparent)/star_02.png using Guid(9ecac4204f26a0a4aafbe383b5f5984a) Importer(815301076,1909f56bfc062723c751e8b465ee728b)  -> (artifact id: '6de5833b94021b8ebf0b44eb7fdb7a76') in 0.068719 seconds
  Import took 0.111765 seconds .

========================================================================
Received Prepare
Registering precompiled user dll's ...
Registered in 0.000664 seconds.
Begin MonoManager ReloadAssembly
Native extension for WindowsStandalone target not found
Refreshing native plugins compatible for Editor in 0.36 ms, found 0 plugins.
Preloading 0 native plugins for Editor in 0.00 ms.
Warning: Annotation not found!
UnityEngine.StackTraceUtility:ExtractStackTrace ()
UnityEditor.ProBuilder.EditorUtility:SetGizmoIconEnabled (System.Type,bool) (at Library/PackageCache/com.unity.probuilder@4.5.0/Editor/EditorCore/EditorUtility.cs:593)
UnityEditor.ProBuilder.HierarchyListener:.cctor () (at Library/PackageCache/com.unity.probuilder@4.5.0/Editor/EditorCore/HierarchyListener.cs:21)
System.Runtime.CompilerServices.RuntimeHelpers:RunClassConstructor (System.RuntimeTypeHandle)
UnityEditor.EditorAssemblies:ProcessInitializeOnLoadAttributes (System.Type[])

[Library/PackageCache/com.unity.probuilder@4.5.0/Editor/EditorCore/EditorUtility.cs line 593]

Invoked RoslynAnalysisRunner static constructor.
RoslynAnalysisRunner will not be running.
RoslynAnalysisRunner has terminated.
Mono: successfully reloaded assembly
- Completed reload, in  0.771 seconds
Platform modules already initialized, skipping
Refreshing native plugins compatible for Editor in 0.45 ms, found 0 plugins.
Preloading 0 native plugins for Editor in 0.00 ms.
Unloading 1592 Unused Serialized files (Serialized files now loaded: 0)
System memory in use before: 187.8 MB.
System memory in use after: 187.9 MB.

Unloading 4 unused Assets to reduce memory usage. Loaded Objects now: 2219.
Total: 2.206700 ms (FindLiveObjects: 0.193100 ms CreateObjectMapping: 0.051400 ms MarkObjects: 1.946300 ms  DeleteObjects: 0.015100 ms)

========================================================================
Received Prepare
Registering precompiled user dll's ...
Registered in 0.000837 seconds.
Begin MonoManager ReloadAssembly
Native extension for WindowsStandalone target not found
Refreshing native plugins compatible for Editor in 1.03 ms, found 0 plugins.
Preloading 0 native plugins for Editor in 0.00 ms.
Warning: Annotation not found!
UnityEngine.StackTraceUtility:ExtractStackTrace ()
UnityEditor.ProBuilder.EditorUtility:SetGizmoIconEnabled (System.Type,bool) (at Library/PackageCache/com.unity.probuilder@4.5.0/Editor/EditorCore/EditorUtility.cs:593)
UnityEditor.ProBuilder.HierarchyListener:.cctor () (at Library/PackageCache/com.unity.probuilder@4.5.0/Editor/EditorCore/HierarchyListener.cs:21)
System.Runtime.CompilerServices.RuntimeHelpers:RunClassConstructor (System.RuntimeTypeHandle)
UnityEditor.EditorAssemblies:ProcessInitializeOnLoadAttributes (System.Type[])

[Library/PackageCache/com.unity.probuilder@4.5.0/Editor/EditorCore/EditorUtility.cs line 593]

Invoked RoslynAnalysisRunner static constructor.
RoslynAnalysisRunner will not be running.
RoslynAnalysisRunner has terminated.
Mono: successfully reloaded assembly
- Completed reload, in  1.300 seconds
Platform modules already initialized, skipping
Refreshing native plugins compatible for Editor in 0.46 ms, found 0 plugins.
Preloading 0 native plugins for Editor in 0.00 ms.
Unloading 1592 Unused Serialized files (Serialized files now loaded: 0)
System memory in use before: 187.8 MB.
System memory in use after: 187.9 MB.

Unloading 4 unused Assets to reduce memory usage. Loaded Objects now: 2222.
Total: 2.259200 ms (FindLiveObjects: 0.201900 ms CreateObjectMapping: 0.078400 ms MarkObjects: 1.960000 ms  DeleteObjects: 0.017600 ms)

========================================================================
Received Prepare
Registering precompiled user dll's ...
Registered in 0.000752 seconds.
Begin MonoManager ReloadAssembly
Native extension for WindowsStandalone target not found
Refreshing native plugins compatible for Editor in 0.37 ms, found 0 plugins.
Preloading 0 native plugins for Editor in 0.00 ms.
Warning: Annotation not found!
UnityEngine.StackTraceUtility:ExtractStackTrace ()
UnityEditor.ProBuilder.EditorUtility:SetGizmoIconEnabled (System.Type,bool) (at Library/PackageCache/com.unity.probuilder@4.5.0/Editor/EditorCore/EditorUtility.cs:593)
UnityEditor.ProBuilder.HierarchyListener:.cctor () (at Library/PackageCache/com.unity.probuilder@4.5.0/Editor/EditorCore/HierarchyListener.cs:21)
System.Runtime.CompilerServices.RuntimeHelpers:RunClassConstructor (System.RuntimeTypeHandle)
UnityEditor.EditorAssemblies:ProcessInitializeOnLoadAttributes (System.Type[])

[Library/PackageCache/com.unity.probuilder@4.5.0/Editor/EditorCore/EditorUtility.cs line 593]

Invoked RoslynAnalysisRunner static constructor.
RoslynAnalysisRunner will not be running.
RoslynAnalysisRunner has terminated.
Mono: successfully reloaded assembly
- Completed reload, in  0.783 seconds
Platform modules already initialized, skipping
Refreshing native plugins compatible for Editor in 0.38 ms, found 0 plugins.
Preloading 0 native plugins for Editor in 0.00 ms.
Unloading 1592 Unused Serialized files (Serialized files now loaded: 0)
System memory in use before: 187.8 MB.
System memory in use after: 187.9 MB.

Unloading 4 unused Assets to reduce memory usage. Loaded Objects now: 2225.
Total: 2.616700 ms (FindLiveObjects: 0.248200 ms CreateObjectMapping: 0.067100 ms MarkObjects: 2.280300 ms  DeleteObjects: 0.020000 ms)

========================================================================
Received Prepare
Registering precompiled user dll's ...
Registered in 0.000772 seconds.
Begin MonoManager ReloadAssembly
Native extension for WindowsStandalone target not found
Refreshing native plugins compatible for Editor in 0.34 ms, found 0 plugins.
Preloading 0 native plugins for Editor in 0.00 ms.
Warning: Annotation not found!
UnityEngine.StackTraceUtility:ExtractStackTrace ()
UnityEditor.ProBuilder.EditorUtility:SetGizmoIconEnabled (System.Type,bool) (at Library/PackageCache/com.unity.probuilder@4.5.0/Editor/EditorCore/EditorUtility.cs:593)
UnityEditor.ProBuilder.HierarchyListener:.cctor () (at Library/PackageCache/com.unity.probuilder@4.5.0/Editor/EditorCore/HierarchyListener.cs:21)
System.Runtime.CompilerServices.RuntimeHelpers:RunClassConstructor (System.RuntimeTypeHandle)
UnityEditor.EditorAssemblies:ProcessInitializeOnLoadAttributes (System.Type[])

[Library/PackageCache/com.unity.probuilder@4.5.0/Editor/EditorCore/EditorUtility.cs line 593]

Invoked RoslynAnalysisRunner static constructor.
RoslynAnalysisRunner will not be running.
RoslynAnalysisRunner has terminated.
Mono: successfully reloaded assembly
- Completed reload, in  0.792 seconds
Platform modules already initialized, skipping
Refreshing native plugins compatible for Editor in 0.37 ms, found 0 plugins.
Preloading 0 native plugins for Editor in 0.00 ms.
Unloading 1592 Unused Serialized files (Serialized files now loaded: 0)
System memory in use before: 187.8 MB.
System memory in use after: 187.9 MB.

Unloading 4 unused Assets to reduce memory usage. Loaded Objects now: 2228.
Total: 2.536100 ms (FindLiveObjects: 0.197600 ms CreateObjectMapping: 0.066000 ms MarkObjects: 2.254800 ms  DeleteObjects: 0.016800 ms)

========================================================================
Received Prepare
Registering precompiled user dll's ...
Registered in 0.000683 seconds.
Begin MonoManager ReloadAssembly
Native extension for WindowsStandalone target not found
Refreshing native plugins compatible for Editor in 0.35 ms, found 0 plugins.
Preloading 0 native plugins for Editor in 0.00 ms.
Warning: Annotation not found!
UnityEngine.StackTraceUtility:ExtractStackTrace ()
UnityEditor.ProBuilder.EditorUtility:SetGizmoIconEnabled (System.Type,bool) (at Library/PackageCache/com.unity.probuilder@4.5.0/Editor/EditorCore/EditorUtility.cs:593)
UnityEditor.ProBuilder.HierarchyListener:.cctor () (at Library/PackageCache/com.unity.probuilder@4.5.0/Editor/EditorCore/HierarchyListener.cs:21)
System.Runtime.CompilerServices.RuntimeHelpers:RunClassConstructor (System.RuntimeTypeHandle)
UnityEditor.EditorAssemblies:ProcessInitializeOnLoadAttributes (System.Type[])

[Library/PackageCache/com.unity.probuilder@4.5.0/Editor/EditorCore/EditorUtility.cs line 593]

Invoked RoslynAnalysisRunner static constructor.
RoslynAnalysisRunner will not be running.
RoslynAnalysisRunner has terminated.
Mono: successfully reloaded assembly
- Completed reload, in  0.761 seconds
Platform modules already initialized, skipping
Refreshing native plugins compatible for Editor in 0.34 ms, found 0 plugins.
Preloading 0 native plugins for Editor in 0.00 ms.
Unloading 1592 Unused Serialized files (Serialized files now loaded: 0)
System memory in use before: 187.8 MB.
System memory in use after: 187.9 MB.

Unloading 4 unused Assets to reduce memory usage. Loaded Objects now: 2231.
Total: 2.381400 ms (FindLiveObjects: 0.273900 ms CreateObjectMapping: 0.058700 ms MarkObjects: 2.033300 ms  DeleteObjects: 0.014700 ms)

========================================================================
Received Prepare
Registering precompiled user dll's ...
Registered in 0.000750 seconds.
Begin MonoManager ReloadAssembly
Native extension for WindowsStandalone target not found
Refreshing native plugins compatible for Editor in 0.34 ms, found 0 plugins.
Preloading 0 native plugins for Editor in 0.00 ms.
Warning: Annotation not found!
UnityEngine.StackTraceUtility:ExtractStackTrace ()
UnityEditor.ProBuilder.EditorUtility:SetGizmoIconEnabled (System.Type,bool) (at Library/PackageCache/com.unity.probuilder@4.5.0/Editor/EditorCore/EditorUtility.cs:593)
UnityEditor.ProBuilder.HierarchyListener:.cctor () (at Library/PackageCache/com.unity.probuilder@4.5.0/Editor/EditorCore/HierarchyListener.cs:21)
System.Runtime.CompilerServices.RuntimeHelpers:RunClassConstructor (System.RuntimeTypeHandle)
UnityEditor.EditorAssemblies:ProcessInitializeOnLoadAttributes (System.Type[])

[Library/PackageCache/com.unity.probuilder@4.5.0/Editor/EditorCore/EditorUtility.cs line 593]

Invoked RoslynAnalysisRunner static constructor.
RoslynAnalysisRunner will not be running.
RoslynAnalysisRunner has terminated.
Mono: successfully reloaded assembly
- Completed reload, in  0.800 seconds
Platform modules already initialized, skipping
Refreshing native plugins compatible for Editor in 0.37 ms, found 0 plugins.
Preloading 0 native plugins for Editor in 0.00 ms.
Unloading 1592 Unused Serialized files (Serialized files now loaded: 0)
System memory in use before: 187.8 MB.
System memory in use after: 187.9 MB.

Unloading 4 unused Assets to reduce memory usage. Loaded Objects now: 2234.
Total: 3.185800 ms (FindLiveObjects: 0.233600 ms CreateObjectMapping: 0.060700 ms MarkObjects: 2.874200 ms  DeleteObjects: 0.016400 ms)

========================================================================
Received Prepare
Registering precompiled user dll's ...
Registered in 0.000771 seconds.
Begin MonoManager ReloadAssembly
Native extension for WindowsStandalone target not found
Refreshing native plugins compatible for Editor in 1.19 ms, found 0 plugins.
Preloading 0 native plugins for Editor in 0.00 ms.
Warning: Annotation not found!
UnityEngine.StackTraceUtility:ExtractStackTrace ()
UnityEditor.ProBuilder.EditorUtility:SetGizmoIconEnabled (System.Type,bool) (at Library/PackageCache/com.unity.probuilder@4.5.0/Editor/EditorCore/EditorUtility.cs:593)
UnityEditor.ProBuilder.HierarchyListener:.cctor () (at Library/PackageCache/com.unity.probuilder@4.5.0/Editor/EditorCore/HierarchyListener.cs:21)
System.Runtime.CompilerServices.RuntimeHelpers:RunClassConstructor (System.RuntimeTypeHandle)
UnityEditor.EditorAssemblies:ProcessInitializeOnLoadAttributes (System.Type[])

[Library/PackageCache/com.unity.probuilder@4.5.0/Editor/EditorCore/EditorUtility.cs line 593]

Invoked RoslynAnalysisRunner static constructor.
RoslynAnalysisRunner will not be running.
RoslynAnalysisRunner has terminated.
Mono: successfully reloaded assembly
- Completed reload, in  0.917 seconds
Platform modules already initialized, skipping
Refreshing native plugins compatible for Editor in 0.72 ms, found 0 plugins.
Preloading 0 native plugins for Editor in 0.00 ms.
Unloading 1592 Unused Serialized files (Serialized files now loaded: 0)
System memory in use before: 187.8 MB.
System memory in use after: 187.9 MB.

Unloading 4 unused Assets to reduce memory usage. Loaded Objects now: 2237.
Total: 3.905300 ms (FindLiveObjects: 0.318200 ms CreateObjectMapping: 0.098900 ms MarkObjects: 3.468000 ms  DeleteObjects: 0.018200 ms)

========================================================================
Received Prepare
Registering precompiled user dll's ...
Registered in 0.001292 seconds.
Begin MonoManager ReloadAssembly
Native extension for WindowsStandalone target not found
Refreshing native plugins compatible for Editor in 0.37 ms, found 0 plugins.
Preloading 0 native plugins for Editor in 0.00 ms.
Warning: Annotation not found!
UnityEngine.StackTraceUtility:ExtractStackTrace ()
UnityEditor.ProBuilder.EditorUtility:SetGizmoIconEnabled (System.Type,bool) (at Library/PackageCache/com.unity.probuilder@4.5.0/Editor/EditorCore/EditorUtility.cs:593)
UnityEditor.ProBuilder.HierarchyListener:.cctor () (at Library/PackageCache/com.unity.probuilder@4.5.0/Editor/EditorCore/HierarchyListener.cs:21)
System.Runtime.CompilerServices.RuntimeHelpers:RunClassConstructor (System.RuntimeTypeHandle)
UnityEditor.EditorAssemblies:ProcessInitializeOnLoadAttributes (System.Type[])

[Library/PackageCache/com.unity.probuilder@4.5.0/Editor/EditorCore/EditorUtility.cs line 593]

Invoked RoslynAnalysisRunner static constructor.
RoslynAnalysisRunner will not be running.
RoslynAnalysisRunner has terminated.
Mono: successfully reloaded assembly
- Completed reload, in  0.768 seconds
Platform modules already initialized, skipping
Refreshing native plugins compatible for Editor in 0.38 ms, found 0 plugins.
Preloading 0 native plugins for Editor in 0.00 ms.
Unloading 1592 Unused Serialized files (Serialized files now loaded: 0)
System memory in use before: 187.8 MB.
System memory in use after: 187.9 MB.

Unloading 4 unused Assets to reduce memory usage. Loaded Objects now: 2240.
Total: 5.423500 ms (FindLiveObjects: 0.178600 ms CreateObjectMapping: 0.050800 ms MarkObjects: 5.154600 ms  DeleteObjects: 0.038500 ms)

========================================================================
Received Prepare
Registering precompiled user dll's ...
Registered in 0.001170 seconds.
Begin MonoManager ReloadAssembly
Native extension for WindowsStandalone target not found
Refreshing native plugins compatible for Editor in 0.38 ms, found 0 plugins.
Preloading 0 native plugins for Editor in 0.00 ms.
Warning: Annotation not found!
UnityEngine.StackTraceUtility:ExtractStackTrace ()
UnityEditor.ProBuilder.EditorUtility:SetGizmoIconEnabled (System.Type,bool) (at Library/PackageCache/com.unity.probuilder@4.5.0/Editor/EditorCore/EditorUtility.cs:593)
UnityEditor.ProBuilder.HierarchyListener:.cctor () (at Library/PackageCache/com.unity.probuilder@4.5.0/Editor/EditorCore/HierarchyListener.cs:21)
System.Runtime.CompilerServices.RuntimeHelpers:RunClassConstructor (System.RuntimeTypeHandle)
UnityEditor.EditorAssemblies:ProcessInitializeOnLoadAttributes (System.Type[])

[Library/PackageCache/com.unity.probuilder@4.5.0/Editor/EditorCore/EditorUtility.cs line 593]

Invoked RoslynAnalysisRunner static constructor.
RoslynAnalysisRunner will not be running.
RoslynAnalysisRunner has terminated.
Mono: successfully reloaded assembly
- Completed reload, in  0.846 seconds
Platform modules already initialized, skipping
Refreshing native plugins compatible for Editor in 0.40 ms, found 0 plugins.
Preloading 0 native plugins for Editor in 0.00 ms.
Unloading 1592 Unused Serialized files (Serialized files now loaded: 0)
System memory in use before: 187.8 MB.
System memory in use after: 188.0 MB.

Unloading 4 unused Assets to reduce memory usage. Loaded Objects now: 2243.
Total: 2.534200 ms (FindLiveObjects: 0.197600 ms CreateObjectMapping: 0.053800 ms MarkObjects: 2.266200 ms  DeleteObjects: 0.015700 ms)

========================================================================
Received Prepare
Registering precompiled user dll's ...
Registered in 0.000878 seconds.
Begin MonoManager ReloadAssembly
Native extension for WindowsStandalone target not found
Refreshing native plugins compatible for Editor in 0.44 ms, found 0 plugins.
Preloading 0 native plugins for Editor in 0.00 ms.
Warning: Annotation not found!
UnityEngine.StackTraceUtility:ExtractStackTrace ()
UnityEditor.ProBuilder.EditorUtility:SetGizmoIconEnabled (System.Type,bool) (at Library/PackageCache/com.unity.probuilder@4.5.0/Editor/EditorCore/EditorUtility.cs:593)
UnityEditor.ProBuilder.HierarchyListener:.cctor () (at Library/PackageCache/com.unity.probuilder@4.5.0/Editor/EditorCore/HierarchyListener.cs:21)
System.Runtime.CompilerServices.RuntimeHelpers:RunClassConstructor (System.RuntimeTypeHandle)
UnityEditor.EditorAssemblies:ProcessInitializeOnLoadAttributes (System.Type[])

[Library/PackageCache/com.unity.probuilder@4.5.0/Editor/EditorCore/EditorUtility.cs line 593]

Invoked RoslynAnalysisRunner static constructor.
RoslynAnalysisRunner will not be running.
RoslynAnalysisRunner has terminated.
Mono: successfully reloaded assembly
- Completed reload, in  0.850 seconds
Platform modules already initialized, skipping
Refreshing native plugins compatible for Editor in 0.35 ms, found 0 plugins.
Preloading 0 native plugins for Editor in 0.00 ms.
Unloading 1592 Unused Serialized files (Serialized files now loaded: 0)
System memory in use before: 187.8 MB.
System memory in use after: 188.0 MB.

Unloading 4 unused Assets to reduce memory usage. Loaded Objects now: 2246.
Total: 2.439600 ms (FindLiveObjects: 0.248800 ms CreateObjectMapping: 0.090500 ms MarkObjects: 2.083800 ms  DeleteObjects: 0.015400 ms)

========================================================================
Received Prepare
Registering precompiled user dll's ...
Registered in 0.000851 seconds.
Begin MonoManager ReloadAssembly
Native extension for WindowsStandalone target not found
Refreshing native plugins compatible for Editor in 0.35 ms, found 0 plugins.
Preloading 0 native plugins for Editor in 0.00 ms.
Warning: Annotation not found!
UnityEngine.StackTraceUtility:ExtractStackTrace ()
UnityEditor.ProBuilder.EditorUtility:SetGizmoIconEnabled (System.Type,bool) (at Library/PackageCache/com.unity.probuilder@4.5.0/Editor/EditorCore/EditorUtility.cs:593)
UnityEditor.ProBuilder.HierarchyListener:.cctor () (at Library/PackageCache/com.unity.probuilder@4.5.0/Editor/EditorCore/HierarchyListener.cs:21)
System.Runtime.CompilerServices.RuntimeHelpers:RunClassConstructor (System.RuntimeTypeHandle)
UnityEditor.EditorAssemblies:ProcessInitializeOnLoadAttributes (System.Type[])

[Library/PackageCache/com.unity.probuilder@4.5.0/Editor/EditorCore/EditorUtility.cs line 593]

Invoked RoslynAnalysisRunner static constructor.
RoslynAnalysisRunner will not be running.
RoslynAnalysisRunner has terminated.
Mono: successfully reloaded assembly
- Completed reload, in  0.797 seconds
Platform modules already initialized, skipping
Refreshing native plugins compatible for Editor in 0.35 ms, found 0 plugins.
Preloading 0 native plugins for Editor in 0.00 ms.
Unloading 1592 Unused Serialized files (Serialized files now loaded: 0)
System memory in use before: 187.8 MB.
System memory in use after: 188.0 MB.

Unloading 4 unused Assets to reduce memory usage. Loaded Objects now: 2249.
Total: 2.096300 ms (FindLiveObjects: 0.163500 ms CreateObjectMapping: 0.051400 ms MarkObjects: 1.868100 ms  DeleteObjects: 0.012200 ms)

========================================================================
Received Prepare
Registering precompiled user dll's ...
Registered in 0.000717 seconds.
Begin MonoManager ReloadAssembly
Native extension for WindowsStandalone target not found
Refreshing native plugins compatible for Editor in 0.41 ms, found 0 plugins.
Preloading 0 native plugins for Editor in 0.00 ms.
Warning: Annotation not found!
UnityEngine.StackTraceUtility:ExtractStackTrace ()
UnityEditor.ProBuilder.EditorUtility:SetGizmoIconEnabled (System.Type,bool) (at Library/PackageCache/com.unity.probuilder@4.5.0/Editor/EditorCore/EditorUtility.cs:593)
UnityEditor.ProBuilder.HierarchyListener:.cctor () (at Library/PackageCache/com.unity.probuilder@4.5.0/Editor/EditorCore/HierarchyListener.cs:21)
System.Runtime.CompilerServices.RuntimeHelpers:RunClassConstructor (System.RuntimeTypeHandle)
UnityEditor.EditorAssemblies:ProcessInitializeOnLoadAttributes (System.Type[])

[Library/PackageCache/com.unity.probuilder@4.5.0/Editor/EditorCore/EditorUtility.cs line 593]

Invoked RoslynAnalysisRunner static constructor.
RoslynAnalysisRunner will not be running.
RoslynAnalysisRunner has terminated.
Mono: successfully reloaded assembly
- Completed reload, in  0.791 seconds
Platform modules already initialized, skipping
Refreshing native plugins compatible for Editor in 0.36 ms, found 0 plugins.
Preloading 0 native plugins for Editor in 0.00 ms.
Unloading 1592 Unused Serialized files (Serialized files now loaded: 0)
System memory in use before: 187.9 MB.
System memory in use after: 188.0 MB.

Unloading 4 unused Assets to reduce memory usage. Loaded Objects now: 2252.
Total: 2.356600 ms (FindLiveObjects: 0.197900 ms CreateObjectMapping: 0.055300 ms MarkObjects: 2.087000 ms  DeleteObjects: 0.015200 ms)

========================================================================
Received Prepare
Registering precompiled user dll's ...
Registered in 0.000816 seconds.
Begin MonoManager ReloadAssembly
Native extension for WindowsStandalone target not found
Refreshing native plugins compatible for Editor in 0.36 ms, found 0 plugins.
Preloading 0 native plugins for Editor in 0.00 ms.
Warning: Annotation not found!
UnityEngine.StackTraceUtility:ExtractStackTrace ()
UnityEditor.ProBuilder.EditorUtility:SetGizmoIconEnabled (System.Type,bool) (at Library/PackageCache/com.unity.probuilder@4.5.0/Editor/EditorCore/EditorUtility.cs:593)
UnityEditor.ProBuilder.HierarchyListener:.cctor () (at Library/PackageCache/com.unity.probuilder@4.5.0/Editor/EditorCore/HierarchyListener.cs:21)
System.Runtime.CompilerServices.RuntimeHelpers:RunClassConstructor (System.RuntimeTypeHandle)
UnityEditor.EditorAssemblies:ProcessInitializeOnLoadAttributes (System.Type[])

[Library/PackageCache/com.unity.probuilder@4.5.0/Editor/EditorCore/EditorUtility.cs line 593]

Invoked RoslynAnalysisRunner static constructor.
RoslynAnalysisRunner will not be running.
RoslynAnalysisRunner has terminated.
Mono: successfully reloaded assembly
- Completed reload, in  0.821 seconds
Platform modules already initialized, skipping
Refreshing native plugins compatible for Editor in 0.37 ms, found 0 plugins.
Preloading 0 native plugins for Editor in 0.00 ms.
Unloading 1592 Unused Serialized files (Serialized files now loaded: 0)
System memory in use before: 187.9 MB.
System memory in use after: 188.0 MB.

Unloading 4 unused Assets to reduce memory usage. Loaded Objects now: 2255.
Total: 2.334300 ms (FindLiveObjects: 0.209400 ms CreateObjectMapping: 0.049000 ms MarkObjects: 2.062100 ms  DeleteObjects: 0.013100 ms)

========================================================================
Received Prepare
Registering precompiled user dll's ...
Registered in 0.000779 seconds.
Begin MonoManager ReloadAssembly
Native extension for WindowsStandalone target not found
Refreshing native plugins compatible for Editor in 0.36 ms, found 0 plugins.
Preloading 0 native plugins for Editor in 0.00 ms.
Warning: Annotation not found!
UnityEngine.StackTraceUtility:ExtractStackTrace ()
UnityEditor.ProBuilder.EditorUtility:SetGizmoIconEnabled (System.Type,bool) (at Library/PackageCache/com.unity.probuilder@4.5.0/Editor/EditorCore/EditorUtility.cs:593)
UnityEditor.ProBuilder.HierarchyListener:.cctor () (at Library/PackageCache/com.unity.probuilder@4.5.0/Editor/EditorCore/HierarchyListener.cs:21)
System.Runtime.CompilerServices.RuntimeHelpers:RunClassConstructor (System.RuntimeTypeHandle)
UnityEditor.EditorAssemblies:ProcessInitializeOnLoadAttributes (System.Type[])

[Library/PackageCache/com.unity.probuilder@4.5.0/Editor/EditorCore/EditorUtility.cs line 593]

Invoked RoslynAnalysisRunner static constructor.
RoslynAnalysisRunner will not be running.
RoslynAnalysisRunner has terminated.
Mono: successfully reloaded assembly
- Completed reload, in  0.798 seconds
Platform modules already initialized, skipping
Refreshing native plugins compatible for Editor in 0.38 ms, found 0 plugins.
Preloading 0 native plugins for Editor in 0.00 ms.
Unloading 1592 Unused Serialized files (Serialized files now loaded: 0)
System memory in use before: 187.9 MB.
System memory in use after: 188.0 MB.

Unloading 4 unused Assets to reduce memory usage. Loaded Objects now: 2258.
Total: 2.367400 ms (FindLiveObjects: 0.207900 ms CreateObjectMapping: 0.060000 ms MarkObjects: 2.084600 ms  DeleteObjects: 0.013900 ms)

========================================================================
Received Prepare
Registering precompiled user dll's ...
Registered in 0.000769 seconds.
Begin MonoManager ReloadAssembly
Native extension for WindowsStandalone target not found
Refreshing native plugins compatible for Editor in 0.34 ms, found 0 plugins.
Preloading 0 native plugins for Editor in 0.00 ms.
Warning: Annotation not found!
UnityEngine.StackTraceUtility:ExtractStackTrace ()
UnityEditor.ProBuilder.EditorUtility:SetGizmoIconEnabled (System.Type,bool) (at Library/PackageCache/com.unity.probuilder@4.5.0/Editor/EditorCore/EditorUtility.cs:593)
UnityEditor.ProBuilder.HierarchyListener:.cctor () (at Library/PackageCache/com.unity.probuilder@4.5.0/Editor/EditorCore/HierarchyListener.cs:21)
System.Runtime.CompilerServices.RuntimeHelpers:RunClassConstructor (System.RuntimeTypeHandle)
UnityEditor.EditorAssemblies:ProcessInitializeOnLoadAttributes (System.Type[])

[Library/PackageCache/com.unity.probuilder@4.5.0/Editor/EditorCore/EditorUtility.cs line 593]

Invoked RoslynAnalysisRunner static constructor.
RoslynAnalysisRunner will not be running.
RoslynAnalysisRunner has terminated.
Mono: successfully reloaded assembly
- Completed reload, in  0.820 seconds
Platform modules already initialized, skipping
Refreshing native plugins compatible for Editor in 0.35 ms, found 0 plugins.
Preloading 0 native plugins for Editor in 0.00 ms.
Unloading 1592 Unused Serialized files (Serialized files now loaded: 0)
System memory in use before: 187.9 MB.
System memory in use after: 188.0 MB.

Unloading 4 unused Assets to reduce memory usage. Loaded Objects now: 2261.
Total: 2.353700 ms (FindLiveObjects: 0.158200 ms CreateObjectMapping: 0.053500 ms MarkObjects: 2.126600 ms  DeleteObjects: 0.014300 ms)

========================================================================
Received Prepare
Registering precompiled user dll's ...
Registered in 0.000775 seconds.
Begin MonoManager ReloadAssembly
Native extension for WindowsStandalone target not found
Refreshing native plugins compatible for Editor in 0.37 ms, found 0 plugins.
Preloading 0 native plugins for Editor in 0.00 ms.
Warning: Annotation not found!
UnityEngine.StackTraceUtility:ExtractStackTrace ()
UnityEditor.ProBuilder.EditorUtility:SetGizmoIconEnabled (System.Type,bool) (at Library/PackageCache/com.unity.probuilder@4.5.0/Editor/EditorCore/EditorUtility.cs:593)
UnityEditor.ProBuilder.HierarchyListener:.cctor () (at Library/PackageCache/com.unity.probuilder@4.5.0/Editor/EditorCore/HierarchyListener.cs:21)
System.Runtime.CompilerServices.RuntimeHelpers:RunClassConstructor (System.RuntimeTypeHandle)
UnityEditor.EditorAssemblies:ProcessInitializeOnLoadAttributes (System.Type[])

[Library/PackageCache/com.unity.probuilder@4.5.0/Editor/EditorCore/EditorUtility.cs line 593]

Invoked RoslynAnalysisRunner static constructor.
RoslynAnalysisRunner will not be running.
RoslynAnalysisRunner has terminated.
Mono: successfully reloaded assembly
- Completed reload, in  0.818 seconds
Platform modules already initialized, skipping
Refreshing native plugins compatible for Editor in 0.44 ms, found 0 plugins.
Preloading 0 native plugins for Editor in 0.00 ms.
Unloading 1592 Unused Serialized files (Serialized files now loaded: 0)
System memory in use before: 187.9 MB.
System memory in use after: 188.0 MB.

Unloading 4 unused Assets to reduce memory usage. Loaded Objects now: 2264.
Total: 3.580400 ms (FindLiveObjects: 0.189600 ms CreateObjectMapping: 0.056000 ms MarkObjects: 3.318000 ms  DeleteObjects: 0.015400 ms)

========================================================================
Received Prepare
Registering precompiled user dll's ...
Registered in 0.000695 seconds.
Begin MonoManager ReloadAssembly
Native extension for WindowsStandalone target not found
Refreshing native plugins compatible for Editor in 0.35 ms, found 0 plugins.
Preloading 0 native plugins for Editor in 0.00 ms.
Warning: Annotation not found!
UnityEngine.StackTraceUtility:ExtractStackTrace ()
UnityEditor.ProBuilder.EditorUtility:SetGizmoIconEnabled (System.Type,bool) (at Library/PackageCache/com.unity.probuilder@4.5.0/Editor/EditorCore/EditorUtility.cs:593)
UnityEditor.ProBuilder.HierarchyListener:.cctor () (at Library/PackageCache/com.unity.probuilder@4.5.0/Editor/EditorCore/HierarchyListener.cs:21)
System.Runtime.CompilerServices.RuntimeHelpers:RunClassConstructor (System.RuntimeTypeHandle)
UnityEditor.EditorAssemblies:ProcessInitializeOnLoadAttributes (System.Type[])

[Library/PackageCache/com.unity.probuilder@4.5.0/Editor/EditorCore/EditorUtility.cs line 593]

Invoked RoslynAnalysisRunner static constructor.
RoslynAnalysisRunner will not be running.
RoslynAnalysisRunner has terminated.
Mono: successfully reloaded assembly
- Completed reload, in  0.759 seconds
Platform modules already initialized, skipping
Refreshing native plugins compatible for Editor in 0.35 ms, found 0 plugins.
Preloading 0 native plugins for Editor in 0.00 ms.
Unloading 1592 Unused Serialized files (Serialized files now loaded: 0)
System memory in use before: 187.9 MB.
System memory in use after: 188.0 MB.

Unloading 4 unused Assets to reduce memory usage. Loaded Objects now: 2267.
Total: 2.164900 ms (FindLiveObjects: 0.208000 ms CreateObjectMapping: 0.047400 ms MarkObjects: 1.895700 ms  DeleteObjects: 0.013000 ms)

========================================================================
Received Import Request.
  Time since last request: 6946.163210 seconds.
  path: Assets/3dModel-Animations/Earth/Female Dynamic Pose.fbx
  artifactKey: Guid(4f4b8d5bbabe3cd43878f02979083f52) Importer(815301076,1909f56bfc062723c751e8b465ee728b)
Start importing Assets/3dModel-Animations/Earth/Female Dynamic Pose.fbx using Guid(4f4b8d5bbabe3cd43878f02979083f52) Importer(815301076,1909f56bfc062723c751e8b465ee728b)  -> (artifact id: 'ce13a3daaadfc105d480e196f712f1e1') in 0.024028 seconds
  Import took 0.038870 seconds .

========================================================================
Received Prepare
Registering precompiled user dll's ...
Registered in 0.000754 seconds.
Begin MonoManager ReloadAssembly
Native extension for WindowsStandalone target not found
Refreshing native plugins compatible for Editor in 0.36 ms, found 0 plugins.
Preloading 0 native plugins for Editor in 0.00 ms.
Warning: Annotation not found!
UnityEngine.StackTraceUtility:ExtractStackTrace ()
UnityEditor.ProBuilder.EditorUtility:SetGizmoIconEnabled (System.Type,bool) (at Library/PackageCache/com.unity.probuilder@4.5.0/Editor/EditorCore/EditorUtility.cs:593)
UnityEditor.ProBuilder.HierarchyListener:.cctor () (at Library/PackageCache/com.unity.probuilder@4.5.0/Editor/EditorCore/HierarchyListener.cs:21)
System.Runtime.CompilerServices.RuntimeHelpers:RunClassConstructor (System.RuntimeTypeHandle)
UnityEditor.EditorAssemblies:ProcessInitializeOnLoadAttributes (System.Type[])

[Library/PackageCache/com.unity.probuilder@4.5.0/Editor/EditorCore/EditorUtility.cs line 593]

Invoked RoslynAnalysisRunner static constructor.
RoslynAnalysisRunner will not be running.
RoslynAnalysisRunner has terminated.
Mono: successfully reloaded assembly
- Completed reload, in  0.819 seconds
Platform modules already initialized, skipping
Refreshing native plugins compatible for Editor in 0.41 ms, found 0 plugins.
Preloading 0 native plugins for Editor in 0.00 ms.
Unloading 1592 Unused Serialized files (Serialized files now loaded: 0)
System memory in use before: 187.9 MB.
System memory in use after: 188.0 MB.

Unloading 4 unused Assets to reduce memory usage. Loaded Objects now: 2270.
Total: 2.172500 ms (FindLiveObjects: 0.188400 ms CreateObjectMapping: 0.057000 ms MarkObjects: 1.913600 ms  DeleteObjects: 0.012700 ms)

========================================================================
Received Import Request.
  Time since last request: 8606.058473 seconds.
  path: Assets/3dModel-Animations/Earth/Earth 1/Earth.controller
  artifactKey: Guid(0474e386187ad214eaf0722a49884ac3) Importer(815301076,1909f56bfc062723c751e8b465ee728b)
Start importing Assets/3dModel-Animations/Earth/Earth 1/Earth.controller using Guid(0474e386187ad214eaf0722a49884ac3) Importer(815301076,1909f56bfc062723c751e8b465ee728b)  -> (artifact id: 'bcba7bdeed03a7c338539d355fe99a2e') in 0.512444 seconds
  Import took 0.520060 seconds .

========================================================================
Received Import Request.
  Time since last request: 293.918340 seconds.
  path: Assets/3dModel-Animations/wind/Wind.controller
  artifactKey: Guid(d85f2b1db4343ce4d8c320cc1f164695) Importer(815301076,1909f56bfc062723c751e8b465ee728b)
Start importing Assets/3dModel-Animations/wind/Wind.controller using Guid(d85f2b1db4343ce4d8c320cc1f164695) Importer(815301076,1909f56bfc062723c751e8b465ee728b)  -> (artifact id: '94301464c52d1dc3b70723e8d3a1b0bd') in 0.023238 seconds
  Import took 0.146869 seconds .

AssetImportWorkerClient::OnTransportError - code=2 error=End of file
